[0.280s] DEBUG:colcon:Command line arguments: ['/usr/bin/colcon', 'build', '--symlink-install']
[0.280s] DEBUG:colcon:Parsed command line arguments: Namespace(allow_overriding=[], ament_cmake_args=None, base_paths=['.'], build_base='build', catkin_cmake_args=None, catkin_skip_building_tests=False, cmake_args=None, cmake_clean_cache=False, cmake_clean_first=False, cmake_force_configure=False, cmake_target=None, cmake_target_skip_unavailable=False, continue_on_error=False, event_handlers=None, executor='parallel', ignore_user_meta=False, install_base='install', log_base=None, log_level=None, main=<bound method BuildVerb.main of <colcon_core.verb.build.BuildVerb object at 0x7f6f5702afd0>>, merge_install=False, metas=['./colcon.meta'], packages_above=None, packages_above_and_dependencies=None, packages_above_depth=None, packages_end=None, packages_ignore=None, packages_ignore_regex=None, packages_select=None, packages_select_build_failed=False, packages_select_by_dep=None, packages_select_regex=None, packages_select_test_failures=False, packages_skip=None, packages_skip_build_finished=False, packages_skip_by_dep=None, packages_skip_regex=None, packages_skip_test_passed=False, packages_skip_up_to=None, packages_start=None, packages_up_to=None, packages_up_to_regex=None, parallel_workers=2, paths=None, symlink_install=True, test_result_base=None, verb_extension=<colcon_core.verb.build.BuildVerb object at 0x7f6f5702afd0>, verb_name='build', verb_parser=<colcon_defaults.argument_parser.defaults.DefaultArgumentsDecorator object at 0x7f6f57035490>)
[0.305s] Level 1:colcon.colcon_core.package_discovery:discover_packages(colcon_meta) check parameters
[0.305s] Level 1:colcon.colcon_core.package_discovery:discover_packages(recursive) check parameters
[0.306s] Level 1:colcon.colcon_core.package_discovery:discover_packages(ignore) check parameters
[0.306s] Level 1:colcon.colcon_core.package_discovery:discover_packages(path) check parameters
[0.306s] Level 1:colcon.colcon_core.package_discovery:discover_packages(colcon_meta) discover
[0.306s] Level 1:colcon.colcon_core.package_discovery:discover_packages(recursive) discover
[0.306s] INFO:colcon.colcon_core.package_discovery:Crawling recursively for packages in '/home/agvdev/robot_model'
[0.306s] Level 1:colcon.colcon_core.package_identification:_identify(.) by extensions ['ignore', 'ignore_ament_install']
[0.306s] Level 1:colcon.colcon_core.package_identification:_identify(.) by extension 'ignore'
[0.306s] Level 1:colcon.colcon_core.package_identification:_identify(.) by extension 'ignore_ament_install'
[0.306s] Level 1:colcon.colcon_core.package_identification:_identify(.) by extensions ['colcon_pkg']
[0.306s] Level 1:colcon.colcon_core.package_identification:_identify(.) by extension 'colcon_pkg'
[0.306s] Level 1:colcon.colcon_core.package_identification:_identify(.) by extensions ['colcon_meta']
[0.306s] Level 1:colcon.colcon_core.package_identification:_identify(.) by extension 'colcon_meta'
[0.306s] Level 1:colcon.colcon_core.package_identification:_identify(.) by extensions ['ros']
[0.306s] Level 1:colcon.colcon_core.package_identification:_identify(.) by extension 'ros'
[0.322s] Level 1:colcon.colcon_core.package_identification:_identify(.) by extensions ['cmake', 'python']
[0.322s] Level 1:colcon.colcon_core.package_identification:_identify(.) by extension 'cmake'
[0.322s] Level 1:colcon.colcon_core.package_identification:_identify(.) by extension 'python'
[0.322s] Level 1:colcon.colcon_core.package_identification:_identify(.) by extensions ['python_setup_py']
[0.322s] Level 1:colcon.colcon_core.package_identification:_identify(.) by extension 'python_setup_py'
[0.323s] Level 1:colcon.colcon_core.package_identification:_identify(build) by extensions ['ignore', 'ignore_ament_install']
[0.323s] Level 1:colcon.colcon_core.package_identification:_identify(build) by extension 'ignore'
[0.323s] Level 1:colcon.colcon_core.package_identification:_identify(build) ignored
[0.323s] Level 1:colcon.colcon_core.package_identification:_identify(install) by extensions ['ignore', 'ignore_ament_install']
[0.323s] Level 1:colcon.colcon_core.package_identification:_identify(install) by extension 'ignore'
[0.323s] Level 1:colcon.colcon_core.package_identification:_identify(install) ignored
[0.323s] Level 1:colcon.colcon_core.package_identification:_identify(log) by extensions ['ignore', 'ignore_ament_install']
[0.323s] Level 1:colcon.colcon_core.package_identification:_identify(log) by extension 'ignore'
[0.323s] Level 1:colcon.colcon_core.package_identification:_identify(log) ignored
[0.323s] Level 1:colcon.colcon_core.package_identification:_identify(src) by extensions ['ignore', 'ignore_ament_install']
[0.323s] Level 1:colcon.colcon_core.package_identification:_identify(src) by extension 'ignore'
[0.323s] Level 1:colcon.colcon_core.package_identification:_identify(src) by extension 'ignore_ament_install'
[0.323s] Level 1:colcon.colcon_core.package_identification:_identify(src) by extensions ['colcon_pkg']
[0.323s] Level 1:colcon.colcon_core.package_identification:_identify(src) by extension 'colcon_pkg'
[0.324s] Level 1:colcon.colcon_core.package_identification:_identify(src) by extensions ['colcon_meta']
[0.324s] Level 1:colcon.colcon_core.package_identification:_identify(src) by extension 'colcon_meta'
[0.324s] Level 1:colcon.colcon_core.package_identification:_identify(src) by extensions ['ros']
[0.324s] Level 1:colcon.colcon_core.package_identification:_identify(src) by extension 'ros'
[0.324s] Level 1:colcon.colcon_core.package_identification:_identify(src) by extensions ['cmake', 'python']
[0.324s] Level 1:colcon.colcon_core.package_identification:_identify(src) by extension 'cmake'
[0.324s] Level 1:colcon.colcon_core.package_identification:_identify(src) by extension 'python'
[0.324s] Level 1:colcon.colcon_core.package_identification:_identify(src) by extensions ['python_setup_py']
[0.324s] Level 1:colcon.colcon_core.package_identification:_identify(src) by extension 'python_setup_py'
[0.324s] Level 1:colcon.colcon_core.package_identification:_identify(src/robot_one) by extensions ['ignore', 'ignore_ament_install']
[0.324s] Level 1:colcon.colcon_core.package_identification:_identify(src/robot_one) by extension 'ignore'
[0.324s] Level 1:colcon.colcon_core.package_identification:_identify(src/robot_one) by extension 'ignore_ament_install'
[0.324s] Level 1:colcon.colcon_core.package_identification:_identify(src/robot_one) by extensions ['colcon_pkg']
[0.324s] Level 1:colcon.colcon_core.package_identification:_identify(src/robot_one) by extension 'colcon_pkg'
[0.324s] Level 1:colcon.colcon_core.package_identification:_identify(src/robot_one) by extensions ['colcon_meta']
[0.324s] Level 1:colcon.colcon_core.package_identification:_identify(src/robot_one) by extension 'colcon_meta'
[0.324s] Level 1:colcon.colcon_core.package_identification:_identify(src/robot_one) by extensions ['ros']
[0.324s] Level 1:colcon.colcon_core.package_identification:_identify(src/robot_one) by extension 'ros'
[0.326s] DEBUG:colcon.colcon_core.package_identification:Package 'src/robot_one' with type 'ros.ament_cmake' and name 'robot_one'
[0.326s] Level 1:colcon.colcon_core.package_identification:_identify(src/robot_two) by extensions ['ignore', 'ignore_ament_install']
[0.327s] Level 1:colcon.colcon_core.package_identification:_identify(src/robot_two) by extension 'ignore'
[0.327s] Level 1:colcon.colcon_core.package_identification:_identify(src/robot_two) by extension 'ignore_ament_install'
[0.327s] Level 1:colcon.colcon_core.package_identification:_identify(src/robot_two) by extensions ['colcon_pkg']
[0.327s] Level 1:colcon.colcon_core.package_identification:_identify(src/robot_two) by extension 'colcon_pkg'
[0.327s] Level 1:colcon.colcon_core.package_identification:_identify(src/robot_two) by extensions ['colcon_meta']
[0.327s] Level 1:colcon.colcon_core.package_identification:_identify(src/robot_two) by extension 'colcon_meta'
[0.327s] Level 1:colcon.colcon_core.package_identification:_identify(src/robot_two) by extensions ['ros']
[0.327s] Level 1:colcon.colcon_core.package_identification:_identify(src/robot_two) by extension 'ros'
[0.327s] DEBUG:colcon.colcon_core.package_identification:Package 'src/robot_two' with type 'ros.ament_cmake' and name 'robot_two'
[0.327s] Level 1:colcon.colcon_core.package_discovery:discover_packages(recursive) using defaults
[0.327s] Level 1:colcon.colcon_core.package_discovery:discover_packages(ignore) discover
[0.327s] Level 1:colcon.colcon_core.package_discovery:discover_packages(ignore) using defaults
[0.327s] Level 1:colcon.colcon_core.package_discovery:discover_packages(path) discover
[0.327s] Level 1:colcon.colcon_core.package_discovery:discover_packages(path) using defaults
[0.344s] Level 1:colcon.colcon_core.package_discovery:discover_packages(prefix_path) check parameters
[0.344s] Level 1:colcon.colcon_core.package_discovery:discover_packages(prefix_path) discover
[0.347s] DEBUG:colcon.colcon_installed_package_information.package_discovery:Found 2 installed packages in /home/agvdev/robot_model/install
[0.348s] DEBUG:colcon.colcon_installed_package_information.package_discovery:Found 276 installed packages in /opt/ros/foxy
[0.350s] Level 1:colcon.colcon_core.package_discovery:discover_packages(prefix_path) using defaults
[0.418s] Level 5:colcon.colcon_core.verb:set package 'robot_one' build argument 'cmake_args' from command line to 'None'
[0.418s] Level 5:colcon.colcon_core.verb:set package 'robot_one' build argument 'cmake_target' from command line to 'None'
[0.418s] Level 5:colcon.colcon_core.verb:set package 'robot_one' build argument 'cmake_target_skip_unavailable' from command line to 'False'
[0.418s] Level 5:colcon.colcon_core.verb:set package 'robot_one' build argument 'cmake_clean_cache' from command line to 'False'
[0.418s] Level 5:colcon.colcon_core.verb:set package 'robot_one' build argument 'cmake_clean_first' from command line to 'False'
[0.418s] Level 5:colcon.colcon_core.verb:set package 'robot_one' build argument 'cmake_force_configure' from command line to 'False'
[0.418s] Level 5:colcon.colcon_core.verb:set package 'robot_one' build argument 'ament_cmake_args' from command line to 'None'
[0.418s] Level 5:colcon.colcon_core.verb:set package 'robot_one' build argument 'catkin_cmake_args' from command line to 'None'
[0.419s] Level 5:colcon.colcon_core.verb:set package 'robot_one' build argument 'catkin_skip_building_tests' from command line to 'False'
[0.419s] DEBUG:colcon.colcon_core.verb:Building package 'robot_one' with the following arguments: {'ament_cmake_args': None, 'build_base': '/home/agvdev/robot_model/build/robot_one', 'catkin_cmake_args': None, 'catkin_skip_building_tests': False, 'cmake_args': None, 'cmake_clean_cache': False, 'cmake_clean_first': False, 'cmake_force_configure': False, 'cmake_target': None, 'cmake_target_skip_unavailable': False, 'install_base': '/home/agvdev/robot_model/install/robot_one', 'merge_install': False, 'path': '/home/agvdev/robot_model/src/robot_one', 'symlink_install': True, 'test_result_base': None}
[0.419s] Level 5:colcon.colcon_core.verb:set package 'robot_two' build argument 'cmake_args' from command line to 'None'
[0.420s] Level 5:colcon.colcon_core.verb:set package 'robot_two' build argument 'cmake_target' from command line to 'None'
[0.420s] Level 5:colcon.colcon_core.verb:set package 'robot_two' build argument 'cmake_target_skip_unavailable' from command line to 'False'
[0.420s] Level 5:colcon.colcon_core.verb:set package 'robot_two' build argument 'cmake_clean_cache' from command line to 'False'
[0.420s] Level 5:colcon.colcon_core.verb:set package 'robot_two' build argument 'cmake_clean_first' from command line to 'False'
[0.420s] Level 5:colcon.colcon_core.verb:set package 'robot_two' build argument 'cmake_force_configure' from command line to 'False'
[0.420s] Level 5:colcon.colcon_core.verb:set package 'robot_two' build argument 'ament_cmake_args' from command line to 'None'
[0.420s] Level 5:colcon.colcon_core.verb:set package 'robot_two' build argument 'catkin_cmake_args' from command line to 'None'
[0.420s] Level 5:colcon.colcon_core.verb:set package 'robot_two' build argument 'catkin_skip_building_tests' from command line to 'False'
[0.420s] DEBUG:colcon.colcon_core.verb:Building package 'robot_two' with the following arguments: {'ament_cmake_args': None, 'build_base': '/home/agvdev/robot_model/build/robot_two', 'catkin_cmake_args': None, 'catkin_skip_building_tests': False, 'cmake_args': None, 'cmake_clean_cache': False, 'cmake_clean_first': False, 'cmake_force_configure': False, 'cmake_target': None, 'cmake_target_skip_unavailable': False, 'install_base': '/home/agvdev/robot_model/install/robot_two', 'merge_install': False, 'path': '/home/agvdev/robot_model/src/robot_two', 'symlink_install': True, 'test_result_base': None}
[0.420s] INFO:colcon.colcon_core.executor:Executing jobs using 'parallel' executor
[0.423s] DEBUG:colcon.colcon_parallel_executor.executor.parallel:run_until_complete
[0.424s] INFO:colcon.colcon_ros.task.ament_cmake.build:Building ROS package in '/home/agvdev/robot_model/src/robot_one' with build type 'ament_cmake'
[0.424s] INFO:colcon.colcon_cmake.task.cmake.build:Building CMake package in '/home/agvdev/robot_model/src/robot_one'
[0.428s] INFO:colcon.colcon_core.plugin_system:Skipping extension 'colcon_core.shell.bat': Not used on non-Windows systems
[0.428s] INFO:colcon.colcon_core.shell:Skip shell extension 'powershell' for command environment: Not usable outside of PowerShell
[0.428s] DEBUG:colcon.colcon_core.shell:Skip shell extension 'dsv' for command environment
[0.434s] INFO:colcon.colcon_ros.task.ament_cmake.build:Building ROS package in '/home/agvdev/robot_model/src/robot_two' with build type 'ament_cmake'
[0.434s] INFO:colcon.colcon_cmake.task.cmake.build:Building CMake package in '/home/agvdev/robot_model/src/robot_two'
[0.436s] INFO:colcon.colcon_core.shell:Skip shell extension 'powershell' for command environment: Not usable outside of PowerShell
[0.436s] DEBUG:colcon.colcon_core.shell:Skip shell extension 'dsv' for command environment
[0.451s] DEBUG:colcon.colcon_core.event_handler.log_command:Invoking command in '/home/agvdev/robot_model/build/robot_one': CMAKE_PREFIX_PATH=${CMAKE_PREFIX_PATH}:/opt/ros/foxy /usr/bin/cmake --build /home/agvdev/robot_model/build/robot_one -- -j2 -l2
[0.466s] DEBUG:colcon.colcon_core.event_handler.log_command:Invoking command in '/home/agvdev/robot_model/build/robot_two': CMAKE_PREFIX_PATH=${CMAKE_PREFIX_PATH}:/opt/ros/foxy /usr/bin/cmake --build /home/agvdev/robot_model/build/robot_two -- -j2 -l2
[0.500s] DEBUG:colcon.colcon_core.event_handler.log_command:Invoked command in '/home/agvdev/robot_model/build/robot_one' returned '0': CMAKE_PREFIX_PATH=${CMAKE_PREFIX_PATH}:/opt/ros/foxy /usr/bin/cmake --build /home/agvdev/robot_model/build/robot_one -- -j2 -l2
[0.512s] DEBUG:colcon.colcon_core.event_handler.log_command:Invoked command in '/home/agvdev/robot_model/build/robot_two' returned '0': CMAKE_PREFIX_PATH=${CMAKE_PREFIX_PATH}:/opt/ros/foxy /usr/bin/cmake --build /home/agvdev/robot_model/build/robot_two -- -j2 -l2
[0.542s] DEBUG:colcon.colcon_core.event_handler.log_command:Invoking command in '/home/agvdev/robot_model/build/robot_one': CMAKE_PREFIX_PATH=${CMAKE_PREFIX_PATH}:/opt/ros/foxy /usr/bin/cmake --install /home/agvdev/robot_model/build/robot_one
[0.545s] DEBUG:colcon.colcon_core.event_handler.log_command:Invoking command in '/home/agvdev/robot_model/build/robot_two': CMAKE_PREFIX_PATH=${CMAKE_PREFIX_PATH}:/opt/ros/foxy /usr/bin/cmake --install /home/agvdev/robot_model/build/robot_two
[0.583s] Level 1:colcon.colcon_core.environment:create_environment_scripts_only(robot_one)
[0.587s] DEBUG:colcon.colcon_core.event_handler.log_command:Invoked command in '/home/agvdev/robot_model/build/robot_one' returned '0': CMAKE_PREFIX_PATH=${CMAKE_PREFIX_PATH}:/opt/ros/foxy /usr/bin/cmake --install /home/agvdev/robot_model/build/robot_one
[0.590s] Level 1:colcon.colcon_core.environment:checking '/home/agvdev/robot_model/install/robot_one' for CMake module files
[0.591s] Level 1:colcon.colcon_core.environment:checking '/home/agvdev/robot_model/install/robot_one' for CMake config files
[0.591s] Level 1:colcon.colcon_core.shell:create_environment_hook('robot_one', 'cmake_prefix_path')
[0.592s] INFO:colcon.colcon_core.shell:Creating environment hook '/home/agvdev/robot_model/install/robot_one/share/robot_one/hook/cmake_prefix_path.ps1'
[0.593s] INFO:colcon.colcon_core.shell:Creating environment descriptor '/home/agvdev/robot_model/install/robot_one/share/robot_one/hook/cmake_prefix_path.dsv'
[0.593s] INFO:colcon.colcon_core.shell:Creating environment hook '/home/agvdev/robot_model/install/robot_one/share/robot_one/hook/cmake_prefix_path.sh'
[0.594s] Level 1:colcon.colcon_core.environment:checking '/home/agvdev/robot_model/install/robot_one/bin'
[0.594s] Level 1:colcon.colcon_core.environment:checking '/home/agvdev/robot_model/install/robot_one/lib/pkgconfig/robot_one.pc'
[0.595s] Level 1:colcon.colcon_core.environment:checking '/home/agvdev/robot_model/install/robot_one/lib/python3.8/site-packages'
[0.595s] Level 1:colcon.colcon_core.environment:checking '/home/agvdev/robot_model/install/robot_one/bin'
[0.596s] INFO:colcon.colcon_core.shell:Creating package script '/home/agvdev/robot_model/install/robot_one/share/robot_one/package.ps1'
[0.597s] INFO:colcon.colcon_core.shell:Creating package descriptor '/home/agvdev/robot_model/install/robot_one/share/robot_one/package.dsv'
[0.597s] INFO:colcon.colcon_core.shell:Creating package script '/home/agvdev/robot_model/install/robot_one/share/robot_one/package.sh'
[0.598s] INFO:colcon.colcon_core.shell:Creating package script '/home/agvdev/robot_model/install/robot_one/share/robot_one/package.bash'
[0.598s] INFO:colcon.colcon_core.shell:Creating package script '/home/agvdev/robot_model/install/robot_one/share/robot_one/package.zsh'
[0.599s] Level 1:colcon.colcon_core.environment:create_file_with_runtime_dependencies(/home/agvdev/robot_model/install/robot_one/share/colcon-core/packages/robot_one)
[0.602s] Level 1:colcon.colcon_core.environment:create_environment_scripts_only(robot_two)
[0.604s] Level 1:colcon.colcon_core.environment:checking '/home/agvdev/robot_model/install/robot_two' for CMake module files
[0.605s] DEBUG:colcon.colcon_core.event_handler.log_command:Invoked command in '/home/agvdev/robot_model/build/robot_two' returned '0': CMAKE_PREFIX_PATH=${CMAKE_PREFIX_PATH}:/opt/ros/foxy /usr/bin/cmake --install /home/agvdev/robot_model/build/robot_two
[0.605s] Level 1:colcon.colcon_core.environment:checking '/home/agvdev/robot_model/install/robot_two' for CMake config files
[0.606s] Level 1:colcon.colcon_core.shell:create_environment_hook('robot_two', 'cmake_prefix_path')
[0.607s] INFO:colcon.colcon_core.shell:Creating environment hook '/home/agvdev/robot_model/install/robot_two/share/robot_two/hook/cmake_prefix_path.ps1'
[0.608s] INFO:colcon.colcon_core.shell:Creating environment descriptor '/home/agvdev/robot_model/install/robot_two/share/robot_two/hook/cmake_prefix_path.dsv'
[0.608s] INFO:colcon.colcon_core.shell:Creating environment hook '/home/agvdev/robot_model/install/robot_two/share/robot_two/hook/cmake_prefix_path.sh'
[0.609s] Level 1:colcon.colcon_core.environment:checking '/home/agvdev/robot_model/install/robot_two/bin'
[0.609s] Level 1:colcon.colcon_core.environment:checking '/home/agvdev/robot_model/install/robot_two/lib/pkgconfig/robot_two.pc'
[0.609s] Level 1:colcon.colcon_core.environment:checking '/home/agvdev/robot_model/install/robot_two/lib/python3.8/site-packages'
[0.610s] Level 1:colcon.colcon_core.environment:checking '/home/agvdev/robot_model/install/robot_two/bin'
[0.611s] INFO:colcon.colcon_core.shell:Creating package script '/home/agvdev/robot_model/install/robot_two/share/robot_two/package.ps1'
[0.611s] INFO:colcon.colcon_core.shell:Creating package descriptor '/home/agvdev/robot_model/install/robot_two/share/robot_two/package.dsv'
[0.612s] INFO:colcon.colcon_core.shell:Creating package script '/home/agvdev/robot_model/install/robot_two/share/robot_two/package.sh'
[0.612s] INFO:colcon.colcon_core.shell:Creating package script '/home/agvdev/robot_model/install/robot_two/share/robot_two/package.bash'
[0.613s] INFO:colcon.colcon_core.shell:Creating package script '/home/agvdev/robot_model/install/robot_two/share/robot_two/package.zsh'
[0.613s] Level 1:colcon.colcon_core.environment:create_file_with_runtime_dependencies(/home/agvdev/robot_model/install/robot_two/share/colcon-core/packages/robot_two)
[0.627s] Level 1:colcon.colcon_core.environment:create_environment_scripts_only(robot_one)
[0.629s] Level 1:colcon.colcon_core.environment:checking '/home/agvdev/robot_model/install/robot_one' for CMake module files
[0.630s] Level 1:colcon.colcon_core.environment:checking '/home/agvdev/robot_model/install/robot_one' for CMake config files
[0.630s] Level 1:colcon.colcon_core.shell:create_environment_hook('robot_one', 'cmake_prefix_path')
[0.631s] INFO:colcon.colcon_core.shell:Creating environment hook '/home/agvdev/robot_model/install/robot_one/share/robot_one/hook/cmake_prefix_path.ps1'
[0.632s] INFO:colcon.colcon_core.shell:Creating environment descriptor '/home/agvdev/robot_model/install/robot_one/share/robot_one/hook/cmake_prefix_path.dsv'
[0.632s] INFO:colcon.colcon_core.shell:Creating environment hook '/home/agvdev/robot_model/install/robot_one/share/robot_one/hook/cmake_prefix_path.sh'
[0.633s] Level 1:colcon.colcon_core.environment:checking '/home/agvdev/robot_model/install/robot_one/bin'
[0.633s] Level 1:colcon.colcon_core.environment:checking '/home/agvdev/robot_model/install/robot_one/lib/pkgconfig/robot_one.pc'
[0.633s] Level 1:colcon.colcon_core.environment:checking '/home/agvdev/robot_model/install/robot_one/lib/python3.8/site-packages'
[0.633s] Level 1:colcon.colcon_core.environment:checking '/home/agvdev/robot_model/install/robot_one/bin'
[0.635s] INFO:colcon.colcon_core.shell:Creating package script '/home/agvdev/robot_model/install/robot_one/share/robot_one/package.ps1'
[0.635s] INFO:colcon.colcon_core.shell:Creating package descriptor '/home/agvdev/robot_model/install/robot_one/share/robot_one/package.dsv'
[0.636s] INFO:colcon.colcon_core.shell:Creating package script '/home/agvdev/robot_model/install/robot_one/share/robot_one/package.sh'
[0.636s] INFO:colcon.colcon_core.shell:Creating package script '/home/agvdev/robot_model/install/robot_one/share/robot_one/package.bash'
[0.637s] INFO:colcon.colcon_core.shell:Creating package script '/home/agvdev/robot_model/install/robot_one/share/robot_one/package.zsh'
[0.637s] Level 1:colcon.colcon_core.environment:create_file_with_runtime_dependencies(/home/agvdev/robot_model/install/robot_one/share/colcon-core/packages/robot_one)
[0.639s] Level 1:colcon.colcon_core.environment:create_environment_scripts_only(robot_two)
[0.641s] Level 1:colcon.colcon_core.environment:checking '/home/agvdev/robot_model/install/robot_two' for CMake module files
[0.642s] Level 1:colcon.colcon_core.environment:checking '/home/agvdev/robot_model/install/robot_two' for CMake config files
[0.642s] Level 1:colcon.colcon_core.shell:create_environment_hook('robot_two', 'cmake_prefix_path')
[0.643s] INFO:colcon.colcon_core.shell:Creating environment hook '/home/agvdev/robot_model/install/robot_two/share/robot_two/hook/cmake_prefix_path.ps1'
[0.643s] INFO:colcon.colcon_core.shell:Creating environment descriptor '/home/agvdev/robot_model/install/robot_two/share/robot_two/hook/cmake_prefix_path.dsv'
[0.644s] INFO:colcon.colcon_core.shell:Creating environment hook '/home/agvdev/robot_model/install/robot_two/share/robot_two/hook/cmake_prefix_path.sh'
[0.644s] Level 1:colcon.colcon_core.environment:checking '/home/agvdev/robot_model/install/robot_two/bin'
[0.644s] Level 1:colcon.colcon_core.environment:checking '/home/agvdev/robot_model/install/robot_two/lib/pkgconfig/robot_two.pc'
[0.645s] Level 1:colcon.colcon_core.environment:checking '/home/agvdev/robot_model/install/robot_two/lib/python3.8/site-packages'
[0.645s] Level 1:colcon.colcon_core.environment:checking '/home/agvdev/robot_model/install/robot_two/bin'
[0.646s] INFO:colcon.colcon_core.shell:Creating package script '/home/agvdev/robot_model/install/robot_two/share/robot_two/package.ps1'
[0.646s] INFO:colcon.colcon_core.shell:Creating package descriptor '/home/agvdev/robot_model/install/robot_two/share/robot_two/package.dsv'
[0.647s] INFO:colcon.colcon_core.shell:Creating package script '/home/agvdev/robot_model/install/robot_two/share/robot_two/package.sh'
[0.647s] INFO:colcon.colcon_core.shell:Creating package script '/home/agvdev/robot_model/install/robot_two/share/robot_two/package.bash'
[0.648s] INFO:colcon.colcon_core.shell:Creating package script '/home/agvdev/robot_model/install/robot_two/share/robot_two/package.zsh'
[0.648s] Level 1:colcon.colcon_core.environment:create_file_with_runtime_dependencies(/home/agvdev/robot_model/install/robot_two/share/colcon-core/packages/robot_two)
[0.648s] DEBUG:colcon.colcon_parallel_executor.executor.parallel:closing loop
[0.649s] DEBUG:colcon.colcon_parallel_executor.executor.parallel:loop closed
[0.649s] DEBUG:colcon.colcon_parallel_executor.executor.parallel:run_until_complete finished with '0'
[0.649s] DEBUG:colcon.colcon_core.event_reactor:joining thread
[0.658s] INFO:colcon.colcon_core.plugin_system:Skipping extension 'colcon_notification.desktop_notification.terminal_notifier': Not used on non-Darwin systems
[0.658s] INFO:colcon.colcon_core.plugin_system:Skipping extension 'colcon_notification.desktop_notification.win32': Not used on non-Windows systems
[0.658s] INFO:colcon.colcon_notification.desktop_notification:Sending desktop notification using 'notify2'
[0.676s] DEBUG:colcon.colcon_core.event_reactor:joined thread
[0.679s] INFO:colcon.colcon_core.shell:Creating prefix script '/home/agvdev/robot_model/install/local_setup.ps1'
[0.681s] INFO:colcon.colcon_core.shell:Creating prefix util module '/home/agvdev/robot_model/install/_local_setup_util_ps1.py'
[0.682s] INFO:colcon.colcon_core.shell:Creating prefix chain script '/home/agvdev/robot_model/install/setup.ps1'
[0.686s] INFO:colcon.colcon_core.shell:Creating prefix script '/home/agvdev/robot_model/install/local_setup.sh'
[0.687s] INFO:colcon.colcon_core.shell:Creating prefix util module '/home/agvdev/robot_model/install/_local_setup_util_sh.py'
[0.687s] INFO:colcon.colcon_core.shell:Creating prefix chain script '/home/agvdev/robot_model/install/setup.sh'
[0.689s] INFO:colcon.colcon_core.shell:Creating prefix script '/home/agvdev/robot_model/install/local_setup.bash'
[0.689s] INFO:colcon.colcon_core.shell:Creating prefix chain script '/home/agvdev/robot_model/install/setup.bash'
[0.691s] INFO:colcon.colcon_core.shell:Creating prefix script '/home/agvdev/robot_model/install/local_setup.zsh'
[0.691s] INFO:colcon.colcon_core.shell:Creating prefix chain script '/home/agvdev/robot_model/install/setup.zsh'
