[0.049s] Invoking command in '/home/agvdev/robot_model/build/robot_one': CMAKE_PREFIX_PATH=${CMAKE_PREFIX_PATH}:/opt/ros/foxy /usr/bin/cmake --build /home/agvdev/robot_model/build/robot_one -- -j2 -l2
[0.237s] Invoked command in '/home/agvdev/robot_model/build/robot_one' returned '0': CMAKE_PREFIX_PATH=${CMAKE_PREFIX_PATH}:/opt/ros/foxy /usr/bin/cmake --build /home/agvdev/robot_model/build/robot_one -- -j2 -l2
[0.425s] Invoking command in '/home/agvdev/robot_model/build/robot_one': CMAKE_PREFIX_PATH=${CMAKE_PREFIX_PATH}:/opt/ros/foxy /usr/bin/cmake --install /home/agvdev/robot_model/build/robot_one
[0.457s] -- Install configuration: ""
[0.458s] -- Execute custom install script
[0.468s] -- Up-to-date symlink: /home/agvdev/robot_model/install/robot_one/share/robot_one/config/drive_bot.rviz
[0.468s] -- Up-to-date symlink: /home/agvdev/robot_model/install/robot_one/share/robot_one/config/joystick.yaml
[0.468s] -- Up-to-date symlink: /home/agvdev/robot_model/install/robot_one/share/robot_one/config/main.rviz
[0.468s] -- Up-to-date symlink: /home/agvdev/robot_model/install/robot_one/share/robot_one/config/mapper_params_offline.yaml
[0.468s] -- Up-to-date symlink: /home/agvdev/robot_model/install/robot_one/share/robot_one/config/mapper_params_online_async.yaml
[0.469s] -- Up-to-date symlink: /home/agvdev/robot_model/install/robot_one/share/robot_one/config/ros_controller.yaml
[0.469s] -- Symlinking: /home/agvdev/robot_model/install/robot_one/share/robot_one/config/twist_mux.yaml
[0.526s] -- Up-to-date symlink: /home/agvdev/robot_model/install/robot_one/share/robot_one/config/view_bot.rviz
[0.527s] -- Up-to-date symlink: /home/agvdev/robot_model/install/robot_one/share/robot_one/description/inertial_macros.xacro
[0.527s] -- Up-to-date symlink: /home/agvdev/robot_model/install/robot_one/share/robot_one/description/lidar.xacro
[0.527s] -- Up-to-date symlink: /home/agvdev/robot_model/install/robot_one/share/robot_one/description/ro_control.xacro
[0.528s] -- Up-to-date symlink: /home/agvdev/robot_model/install/robot_one/share/robot_one/description/robot.urdf.xacro
[0.528s] -- Up-to-date symlink: /home/agvdev/robot_model/install/robot_one/share/robot_one/description/robot_core.xacro
[0.528s] -- Up-to-date symlink: /home/agvdev/robot_model/install/robot_one/share/robot_one/description/ros2_control.xacro
[0.528s] -- Up-to-date symlink: /home/agvdev/robot_model/install/robot_one/share/robot_one/launch/joystick.launch.py
[0.528s] -- Up-to-date symlink: /home/agvdev/robot_model/install/robot_one/share/robot_one/launch/ro.launch.py
[0.528s] -- Up-to-date symlink: /home/agvdev/robot_model/install/robot_one/share/robot_one/launch/rsp.launch.py
[0.531s] -- Up-to-date symlink: /home/agvdev/robot_model/install/robot_one/share/robot_one/worlds/building/model.config
[0.532s] -- Up-to-date symlink: /home/agvdev/robot_model/install/robot_one/share/robot_one/worlds/building/model.sdf
[0.532s] -- Up-to-date symlink: /home/agvdev/robot_model/install/robot_one/share/robot_one/worlds/obstacle.world
[0.532s] -- Up-to-date symlink: /home/agvdev/robot_model/install/robot_one/share/ament_index/resource_index/package_run_dependencies/robot_one
[0.532s] -- Up-to-date symlink: /home/agvdev/robot_model/install/robot_one/share/ament_index/resource_index/parent_prefix_path/robot_one
[0.532s] -- Up-to-date symlink: /home/agvdev/robot_model/install/robot_one/share/robot_one/environment/ament_prefix_path.sh
[0.536s] -- Up-to-date symlink: /home/agvdev/robot_model/install/robot_one/share/robot_one/environment/ament_prefix_path.dsv
[0.537s] -- Up-to-date symlink: /home/agvdev/robot_model/install/robot_one/share/robot_one/environment/path.sh
[0.540s] -- Up-to-date symlink: /home/agvdev/robot_model/install/robot_one/share/robot_one/environment/path.dsv
[0.546s] -- Up-to-date symlink: /home/agvdev/robot_model/install/robot_one/share/robot_one/local_setup.bash
[0.546s] -- Up-to-date symlink: /home/agvdev/robot_model/install/robot_one/share/robot_one/local_setup.sh
[0.548s] -- Up-to-date symlink: /home/agvdev/robot_model/install/robot_one/share/robot_one/local_setup.zsh
[0.548s] -- Up-to-date symlink: /home/agvdev/robot_model/install/robot_one/share/robot_one/local_setup.dsv
[0.548s] -- Symlinking: /home/agvdev/robot_model/install/robot_one/share/robot_one/package.dsv
[0.601s] -- Up-to-date symlink: /home/agvdev/robot_model/install/robot_one/share/ament_index/resource_index/packages/robot_one
[0.601s] -- Up-to-date symlink: /home/agvdev/robot_model/install/robot_one/share/robot_one/cmake/robot_oneConfig.cmake
[0.601s] -- Up-to-date symlink: /home/agvdev/robot_model/install/robot_one/share/robot_one/cmake/robot_oneConfig-version.cmake
[0.601s] -- Up-to-date symlink: /home/agvdev/robot_model/install/robot_one/share/robot_one/package.xml
[0.629s] Invoked command in '/home/agvdev/robot_model/build/robot_one' returned '0': CMAKE_PREFIX_PATH=${CMAKE_PREFIX_PATH}:/opt/ros/foxy /usr/bin/cmake --install /home/agvdev/robot_model/build/robot_one
