[0.043s] Invoking command in '/home/agvdev/robot_model/build/robot_two': /usr/bin/cmake --build /home/agvdev/robot_model/build/robot_two -- -j2 -l2
[0.178s] Invoked command in '/home/agvdev/robot_model/build/robot_two' returned '0': /usr/bin/cmake --build /home/agvdev/robot_model/build/robot_two -- -j2 -l2
[0.297s] Invoking command in '/home/agvdev/robot_model/build/robot_two': /usr/bin/cmake --install /home/agvdev/robot_model/build/robot_two
[0.336s] -- Install configuration: ""
[0.338s] -- Execute custom install script
[0.342s] -- Up-to-date symlink: /home/agvdev/robot_model/install/robot_two/share/robot_two/description/agv_tov.gazebo
[0.346s] -- Up-to-date symlink: /home/agvdev/robot_model/install/robot_two/share/robot_two/description/agv_tov.trans
[0.347s] -- Up-to-date symlink: /home/agvdev/robot_model/install/robot_two/share/robot_two/description/agv_tov.xacro
[0.349s] -- Up-to-date symlink: /home/agvdev/robot_model/install/robot_two/share/robot_two/description/materials.xacro
[0.351s] -- Up-to-date symlink: /home/agvdev/robot_model/install/robot_two/share/robot_two/launch/agv_tov.launch.py
[0.352s] -- Up-to-date symlink: /home/agvdev/robot_model/install/robot_two/share/robot_two/launch/agv_tov_gazebo.launch.py
[0.353s] -- Up-to-date symlink: /home/agvdev/robot_model/install/robot_two/share/ament_index/resource_index/package_run_dependencies/robot_two
[0.373s] -- Up-to-date symlink: /home/agvdev/robot_model/install/robot_two/share/ament_index/resource_index/parent_prefix_path/robot_two
[0.373s] -- Up-to-date symlink: /home/agvdev/robot_model/install/robot_two/share/robot_two/environment/ament_prefix_path.sh
[0.373s] -- Up-to-date symlink: /home/agvdev/robot_model/install/robot_two/share/robot_two/environment/ament_prefix_path.dsv
[0.373s] -- Up-to-date symlink: /home/agvdev/robot_model/install/robot_two/share/robot_two/environment/path.sh
[0.373s] -- Up-to-date symlink: /home/agvdev/robot_model/install/robot_two/share/robot_two/environment/path.dsv
[0.376s] -- Up-to-date symlink: /home/agvdev/robot_model/install/robot_two/share/robot_two/local_setup.bash
[0.376s] -- Up-to-date symlink: /home/agvdev/robot_model/install/robot_two/share/robot_two/local_setup.sh
[0.376s] -- Up-to-date symlink: /home/agvdev/robot_model/install/robot_two/share/robot_two/local_setup.zsh
[0.378s] -- Up-to-date symlink: /home/agvdev/robot_model/install/robot_two/share/robot_two/local_setup.dsv
[0.380s] -- Symlinking: /home/agvdev/robot_model/install/robot_two/share/robot_two/package.dsv
[0.418s] -- Up-to-date symlink: /home/agvdev/robot_model/install/robot_two/share/ament_index/resource_index/packages/robot_two
[0.419s] -- Up-to-date symlink: /home/agvdev/robot_model/install/robot_two/share/robot_two/cmake/robot_twoConfig.cmake
[0.420s] -- Up-to-date symlink: /home/agvdev/robot_model/install/robot_two/share/robot_two/cmake/robot_twoConfig-version.cmake
[0.421s] -- Up-to-date symlink: /home/agvdev/robot_model/install/robot_two/share/robot_two/package.xml
[0.438s] Invoked command in '/home/agvdev/robot_model/build/robot_two' returned '0': /usr/bin/cmake --install /home/agvdev/robot_model/build/robot_two
