[0.057s] Invoking command in '/home/agvdev/robot_model/build/robot_two': CMAKE_PREFIX_PATH=/opt/ros/foxy /usr/bin/cmake --build /home/agvdev/robot_model/build/robot_two -- -j2 -l2
[0.326s] Invoked command in '/home/agvdev/robot_model/build/robot_two' returned '0': CMAKE_PREFIX_PATH=/opt/ros/foxy /usr/bin/cmake --build /home/agvdev/robot_model/build/robot_two -- -j2 -l2
[0.377s] Invoking command in '/home/agvdev/robot_model/build/robot_two': CMAKE_PREFIX_PATH=/opt/ros/foxy /usr/bin/cmake --install /home/agvdev/robot_model/build/robot_two
[0.407s] -- Install configuration: ""
[0.409s] -- Execute custom install script
[0.417s] -- Up-to-date symlink: /home/agvdev/robot_model/install/robot_two/share/robot_two/description/agv_tov.gazebo
[0.418s] -- Up-to-date symlink: /home/agvdev/robot_model/install/robot_two/share/robot_two/description/agv_tov.trans
[0.418s] -- Up-to-date symlink: /home/agvdev/robot_model/install/robot_two/share/robot_two/description/agv_tov.xacro
[0.419s] -- Up-to-date symlink: /home/agvdev/robot_model/install/robot_two/share/robot_two/description/materials.xacro
[0.422s] -- Up-to-date symlink: /home/agvdev/robot_model/install/robot_two/share/robot_two/launch/agv_tov.launch.py
[0.424s] -- Up-to-date symlink: /home/agvdev/robot_model/install/robot_two/share/robot_two/launch/agv_tov_gazebo.launch.py
[0.427s] -- Up-to-date symlink: /home/agvdev/robot_model/install/robot_two/share/ament_index/resource_index/package_run_dependencies/robot_two
[0.428s] -- Up-to-date symlink: /home/agvdev/robot_model/install/robot_two/share/ament_index/resource_index/parent_prefix_path/robot_two
[0.430s] -- Up-to-date symlink: /home/agvdev/robot_model/install/robot_two/share/robot_two/environment/ament_prefix_path.sh
[0.431s] -- Up-to-date symlink: /home/agvdev/robot_model/install/robot_two/share/robot_two/environment/ament_prefix_path.dsv
[0.432s] -- Up-to-date symlink: /home/agvdev/robot_model/install/robot_two/share/robot_two/environment/path.sh
[0.432s] -- Up-to-date symlink: /home/agvdev/robot_model/install/robot_two/share/robot_two/environment/path.dsv
[0.434s] -- Up-to-date symlink: /home/agvdev/robot_model/install/robot_two/share/robot_two/local_setup.bash
[0.435s] -- Up-to-date symlink: /home/agvdev/robot_model/install/robot_two/share/robot_two/local_setup.sh
[0.436s] -- Up-to-date symlink: /home/agvdev/robot_model/install/robot_two/share/robot_two/local_setup.zsh
[0.437s] -- Up-to-date symlink: /home/agvdev/robot_model/install/robot_two/share/robot_two/local_setup.dsv
[0.437s] -- Symlinking: /home/agvdev/robot_model/install/robot_two/share/robot_two/package.dsv
[0.456s] -- Up-to-date symlink: /home/agvdev/robot_model/install/robot_two/share/ament_index/resource_index/packages/robot_two
[0.460s] -- Up-to-date symlink: /home/agvdev/robot_model/install/robot_two/share/robot_two/cmake/robot_twoConfig.cmake
[0.461s] -- Up-to-date symlink: /home/agvdev/robot_model/install/robot_two/share/robot_two/cmake/robot_twoConfig-version.cmake
[0.462s] -- Up-to-date symlink: /home/agvdev/robot_model/install/robot_two/share/robot_two/package.xml
[0.465s] Invoked command in '/home/agvdev/robot_model/build/robot_two' returned '0': CMAKE_PREFIX_PATH=/opt/ros/foxy /usr/bin/cmake --install /home/agvdev/robot_model/build/robot_two
