[0.033s] Invoking command in '/home/agvdev/robot_model/build/robot_one': CMAKE_PREFIX_PATH=${CMAKE_PREFIX_PATH}:/opt/ros/foxy /usr/bin/cmake --build /home/agvdev/robot_model/build/robot_one -- -j2 -l2
[0.183s] Invoked command in '/home/agvdev/robot_model/build/robot_one' returned '0': CMAKE_PREFIX_PATH=${CMAKE_PREFIX_PATH}:/opt/ros/foxy /usr/bin/cmake --build /home/agvdev/robot_model/build/robot_one -- -j2 -l2
[0.221s] Invoking command in '/home/agvdev/robot_model/build/robot_one': CMAKE_PREFIX_PATH=${CMAKE_PREFIX_PATH}:/opt/ros/foxy /usr/bin/cmake --install /home/agvdev/robot_model/build/robot_one
[0.234s] -- Install configuration: ""
[0.236s] -- Execute custom install script
[0.238s] -- Up-to-date symlink: /home/agvdev/robot_model/install/robot_one/share/robot_one/description/inertial_macros.xacro
[0.238s] -- Up-to-date symlink: /home/agvdev/robot_model/install/robot_one/share/robot_one/description/robot.urdf.xacro
[0.238s] -- Up-to-date symlink: /home/agvdev/robot_model/install/robot_one/share/robot_one/description/robot_core.xacro
[0.241s] -- Up-to-date symlink: /home/agvdev/robot_model/install/robot_one/share/robot_one/launch/rsp.launch.py
[0.242s] -- Up-to-date symlink: /home/agvdev/robot_model/install/robot_one/share/ament_index/resource_index/package_run_dependencies/robot_one
[0.244s] -- Up-to-date symlink: /home/agvdev/robot_model/install/robot_one/share/ament_index/resource_index/parent_prefix_path/robot_one
[0.244s] -- Up-to-date symlink: /home/agvdev/robot_model/install/robot_one/share/robot_one/environment/ament_prefix_path.sh
[0.244s] -- Up-to-date symlink: /home/agvdev/robot_model/install/robot_one/share/robot_one/environment/ament_prefix_path.dsv
[0.245s] -- Up-to-date symlink: /home/agvdev/robot_model/install/robot_one/share/robot_one/environment/path.sh
[0.245s] -- Up-to-date symlink: /home/agvdev/robot_model/install/robot_one/share/robot_one/environment/path.dsv
[0.245s] -- Up-to-date symlink: /home/agvdev/robot_model/install/robot_one/share/robot_one/local_setup.bash
[0.245s] -- Up-to-date symlink: /home/agvdev/robot_model/install/robot_one/share/robot_one/local_setup.sh
[0.246s] -- Up-to-date symlink: /home/agvdev/robot_model/install/robot_one/share/robot_one/local_setup.zsh
[0.246s] -- Up-to-date symlink: /home/agvdev/robot_model/install/robot_one/share/robot_one/local_setup.dsv
[0.246s] -- Symlinking: /home/agvdev/robot_model/install/robot_one/share/robot_one/package.dsv
[0.258s] -- Up-to-date symlink: /home/agvdev/robot_model/install/robot_one/share/ament_index/resource_index/packages/robot_one
[0.258s] -- Up-to-date symlink: /home/agvdev/robot_model/install/robot_one/share/robot_one/cmake/robot_oneConfig.cmake
[0.259s] -- Up-to-date symlink: /home/agvdev/robot_model/install/robot_one/share/robot_one/cmake/robot_oneConfig-version.cmake
[0.259s] -- Up-to-date symlink: /home/agvdev/robot_model/install/robot_one/share/robot_one/package.xml
[0.262s] Invoked command in '/home/agvdev/robot_model/build/robot_one' returned '0': CMAKE_PREFIX_PATH=${CMAKE_PREFIX_PATH}:/opt/ros/foxy /usr/bin/cmake --install /home/agvdev/robot_model/build/robot_one
