[0.037s] Invoking command in '/home/agvdev/robot_model/build/robot_two': CMAKE_PREFIX_PATH=${CMAKE_PREFIX_PATH}:/opt/ros/foxy /usr/bin/cmake --build /home/agvdev/robot_model/build/robot_two -- -j2 -l2
[0.178s] Invoked command in '/home/agvdev/robot_model/build/robot_two' returned '0': CMAKE_PREFIX_PATH=${CMAKE_PREFIX_PATH}:/opt/ros/foxy /usr/bin/cmake --build /home/agvdev/robot_model/build/robot_two -- -j2 -l2
[0.262s] Invoking command in '/home/agvdev/robot_model/build/robot_two': CMAKE_PREFIX_PATH=${CMAKE_PREFIX_PATH}:/opt/ros/foxy /usr/bin/cmake --install /home/agvdev/robot_model/build/robot_two
[0.282s] -- Install configuration: ""
[0.288s] -- Execute custom install script
[0.317s] -- Up-to-date symlink: /home/agvdev/robot_model/install/robot_two/share/robot_two/description/agv_tov.gazebo
[0.317s] -- Up-to-date symlink: /home/agvdev/robot_model/install/robot_two/share/robot_two/description/agv_tov.trans
[0.317s] -- Up-to-date symlink: /home/agvdev/robot_model/install/robot_two/share/robot_two/description/agv_tov.xacro
[0.318s] -- Up-to-date symlink: /home/agvdev/robot_model/install/robot_two/share/robot_two/description/materials.xacro
[0.318s] -- Up-to-date symlink: /home/agvdev/robot_model/install/robot_two/share/robot_two/launch/agv_tov.launch.py
[0.319s] -- Up-to-date symlink: /home/agvdev/robot_model/install/robot_two/share/robot_two/launch/agv_tov_gazebo.launch.py
[0.319s] -- Up-to-date symlink: /home/agvdev/robot_model/install/robot_two/share/ament_index/resource_index/package_run_dependencies/robot_two
[0.319s] -- Up-to-date symlink: /home/agvdev/robot_model/install/robot_two/share/ament_index/resource_index/parent_prefix_path/robot_two
[0.328s] -- Up-to-date symlink: /home/agvdev/robot_model/install/robot_two/share/robot_two/environment/ament_prefix_path.sh
[0.328s] -- Up-to-date symlink: /home/agvdev/robot_model/install/robot_two/share/robot_two/environment/ament_prefix_path.dsv
[0.328s] -- Up-to-date symlink: /home/agvdev/robot_model/install/robot_two/share/robot_two/environment/path.sh
[0.329s] -- Up-to-date symlink: /home/agvdev/robot_model/install/robot_two/share/robot_two/environment/path.dsv
[0.329s] -- Up-to-date symlink: /home/agvdev/robot_model/install/robot_two/share/robot_two/local_setup.bash
[0.335s] -- Up-to-date symlink: /home/agvdev/robot_model/install/robot_two/share/robot_two/local_setup.sh
[0.335s] -- Up-to-date symlink: /home/agvdev/robot_model/install/robot_two/share/robot_two/local_setup.zsh
[0.336s] -- Up-to-date symlink: /home/agvdev/robot_model/install/robot_two/share/robot_two/local_setup.dsv
[0.336s] -- Symlinking: /home/agvdev/robot_model/install/robot_two/share/robot_two/package.dsv
[0.380s] -- Up-to-date symlink: /home/agvdev/robot_model/install/robot_two/share/ament_index/resource_index/packages/robot_two
[0.381s] -- Up-to-date symlink: /home/agvdev/robot_model/install/robot_two/share/robot_two/cmake/robot_twoConfig.cmake
[0.381s] -- Up-to-date symlink: /home/agvdev/robot_model/install/robot_two/share/robot_two/cmake/robot_twoConfig-version.cmake
[0.381s] -- Up-to-date symlink: /home/agvdev/robot_model/install/robot_two/share/robot_two/package.xml
[0.400s] Invoked command in '/home/agvdev/robot_model/build/robot_two' returned '0': CMAKE_PREFIX_PATH=${CMAKE_PREFIX_PATH}:/opt/ros/foxy /usr/bin/cmake --install /home/agvdev/robot_model/build/robot_two
