[0.040s] Invoking command in '/home/agvdev/robot_model/build/robot_two': CMAKE_PREFIX_PATH=${CMAKE_PREFIX_PATH}:/opt/ros/foxy /usr/bin/cmake /home/agvdev/robot_model/src/robot_two -DAMENT_CMAKE_SYMLINK_INSTALL=1 -DCMAKE_INSTALL_PREFIX=/home/agvdev/robot_model/install/robot_two
[0.338s] -- The C compiler identification is GNU 9.4.0
[0.591s] -- The CXX compiler identification is GNU 9.4.0
[0.596s] -- Check for working C compiler: /usr/bin/cc
[0.681s] -- Check for working C compiler: /usr/bin/cc -- works
[0.685s] -- Detecting C compiler ABI info
[0.766s] -- Detecting C compiler ABI info - done
[0.777s] -- Detecting C compile features
[0.779s] -- Detecting C compile features - done
[0.782s] -- Check for working CXX compiler: /usr/bin/c++
[0.870s] -- Check for working CXX compiler: /usr/bin/c++ -- works
[0.872s] -- Detecting CXX compiler ABI info
[0.968s] -- Detecting CXX compiler ABI info - done
[0.978s] -- Detecting CXX compile features
[0.979s] -- Detecting CXX compile features - done
[0.990s] -- Found ament_cmake: 0.9.11 (/opt/ros/foxy/share/ament_cmake/cmake)
[1.014s] -- Found PythonInterp: /usr/bin/python3 (found suitable version "3.8.10", minimum required is "3") 
[1.014s] -- Using PYTHON_EXECUTABLE: /usr/bin/python3
[1.195s] -- Override CMake install command with custom implementation using symlinks instead of copying resources
[1.225s] -- Found ament_lint_auto: 0.9.7 (/opt/ros/foxy/share/ament_lint_auto/cmake)
[1.328s] -- Added test 'copyright' to check source files copyright and LICENSE
[1.332s] -- Added test 'lint_cmake' to check CMake code style
[1.335s] -- Added test 'xmllint' to check XML markup files
[1.339s] -- Configuring done
[1.341s] -- Generating done
[1.342s] -- Build files have been written to: /home/agvdev/robot_model/build/robot_two
[1.350s] Invoked command in '/home/agvdev/robot_model/build/robot_two' returned '0': CMAKE_PREFIX_PATH=${CMAKE_PREFIX_PATH}:/opt/ros/foxy /usr/bin/cmake /home/agvdev/robot_model/src/robot_two -DAMENT_CMAKE_SYMLINK_INSTALL=1 -DCMAKE_INSTALL_PREFIX=/home/agvdev/robot_model/install/robot_two
[1.351s] Invoking command in '/home/agvdev/robot_model/build/robot_two': CMAKE_PREFIX_PATH=${CMAKE_PREFIX_PATH}:/opt/ros/foxy /usr/bin/cmake --build /home/agvdev/robot_model/build/robot_two -- -j2 -l2
[1.395s] Invoked command in '/home/agvdev/robot_model/build/robot_two' returned '0': CMAKE_PREFIX_PATH=${CMAKE_PREFIX_PATH}:/opt/ros/foxy /usr/bin/cmake --build /home/agvdev/robot_model/build/robot_two -- -j2 -l2
[1.417s] Invoking command in '/home/agvdev/robot_model/build/robot_two': CMAKE_PREFIX_PATH=${CMAKE_PREFIX_PATH}:/opt/ros/foxy /usr/bin/cmake --install /home/agvdev/robot_model/build/robot_two
[1.426s] -- Install configuration: ""
[1.428s] -- Execute custom install script
[1.428s] -- Symlinking: /home/agvdev/robot_model/install/robot_two/share/ament_index/resource_index/package_run_dependencies/robot_two
[1.439s] -- Symlinking: /home/agvdev/robot_model/install/robot_two/share/ament_index/resource_index/parent_prefix_path/robot_two
[1.451s] -- Symlinking: /home/agvdev/robot_model/install/robot_two/share/robot_two/environment/ament_prefix_path.sh
[1.460s] -- Symlinking: /home/agvdev/robot_model/install/robot_two/share/robot_two/environment/ament_prefix_path.dsv
[1.469s] -- Symlinking: /home/agvdev/robot_model/install/robot_two/share/robot_two/environment/path.sh
[1.480s] -- Symlinking: /home/agvdev/robot_model/install/robot_two/share/robot_two/environment/path.dsv
[1.490s] -- Symlinking: /home/agvdev/robot_model/install/robot_two/share/robot_two/local_setup.bash
[1.498s] -- Symlinking: /home/agvdev/robot_model/install/robot_two/share/robot_two/local_setup.sh
[1.509s] -- Symlinking: /home/agvdev/robot_model/install/robot_two/share/robot_two/local_setup.zsh
[1.520s] -- Symlinking: /home/agvdev/robot_model/install/robot_two/share/robot_two/local_setup.dsv
[1.531s] -- Symlinking: /home/agvdev/robot_model/install/robot_two/share/robot_two/package.dsv
[1.542s] -- Symlinking: /home/agvdev/robot_model/install/robot_two/share/ament_index/resource_index/packages/robot_two
[1.554s] -- Symlinking: /home/agvdev/robot_model/install/robot_two/share/robot_two/cmake/robot_twoConfig.cmake
[1.562s] -- Symlinking: /home/agvdev/robot_model/install/robot_two/share/robot_two/cmake/robot_twoConfig-version.cmake
[1.572s] -- Symlinking: /home/agvdev/robot_model/install/robot_two/share/robot_two/package.xml
[1.586s] Invoked command in '/home/agvdev/robot_model/build/robot_two' returned '0': CMAKE_PREFIX_PATH=${CMAKE_PREFIX_PATH}:/opt/ros/foxy /usr/bin/cmake --install /home/agvdev/robot_model/build/robot_two
