-- The C compiler identification is GNU 9.4.0
-- The CXX compiler identification is GNU 9.4.0
-- Check for working C compiler: /usr/bin/cc
-- Check for working C compiler: /usr/bin/cc -- works
-- Detecting C compiler ABI info
-- Detecting C compiler ABI info - done
-- Detecting C compile features
-- Detecting C compile features - done
-- Check for working CXX compiler: /usr/bin/c++
-- Check for working CXX compiler: /usr/bin/c++ -- works
-- Detecting CXX compiler ABI info
-- Detecting CXX compiler ABI info - done
-- Detecting CXX compile features
-- Detecting CXX compile features - done
-- Found ament_cmake: 0.9.11 (/opt/ros/foxy/share/ament_cmake/cmake)
-- Found PythonInterp: /usr/bin/python3 (found suitable version "3.8.10", minimum required is "3") 
-- Using PYTHON_EXECUTABLE: /usr/bin/python3
-- Override CMake install command with custom implementation using symlinks instead of copying resources
-- Found ament_lint_auto: 0.9.7 (/opt/ros/foxy/share/ament_lint_auto/cmake)
-- Added test 'copyright' to check source files copyright and LICENSE
-- Added test 'flake8' to check Python code syntax and style conventions
-- Added test 'lint_cmake' to check CMake code style
-- Added test 'pep257' to check Python code against some of the style conventions in PEP 257
-- Added test 'xmllint' to check XML markup files
-- Configuring done
-- Generating done
-- Build files have been written to: /home/agvdev/robot_model/build/robot_one
-- Install configuration: ""
-- Execute custom install script
-- Symlinking: /home/agvdev/robot_model/install/robot_one/share/ament_index/resource_index/package_run_dependencies/robot_one
-- Symlinking: /home/agvdev/robot_model/install/robot_one/share/ament_index/resource_index/parent_prefix_path/robot_one
-- Symlinking: /home/agvdev/robot_model/install/robot_one/share/robot_one/environment/ament_prefix_path.sh
-- Symlinking: /home/agvdev/robot_model/install/robot_one/share/robot_one/environment/ament_prefix_path.dsv
-- Symlinking: /home/agvdev/robot_model/install/robot_one/share/robot_one/environment/path.sh
-- Symlinking: /home/agvdev/robot_model/install/robot_one/share/robot_one/environment/path.dsv
-- Symlinking: /home/agvdev/robot_model/install/robot_one/share/robot_one/local_setup.bash
-- Symlinking: /home/agvdev/robot_model/install/robot_one/share/robot_one/local_setup.sh
-- Symlinking: /home/agvdev/robot_model/install/robot_one/share/robot_one/local_setup.zsh
-- Symlinking: /home/agvdev/robot_model/install/robot_one/share/robot_one/local_setup.dsv
-- Symlinking: /home/agvdev/robot_model/install/robot_one/share/robot_one/package.dsv
-- Symlinking: /home/agvdev/robot_model/install/robot_one/share/ament_index/resource_index/packages/robot_one
-- Symlinking: /home/agvdev/robot_model/install/robot_one/share/robot_one/cmake/robot_oneConfig.cmake
-- Symlinking: /home/agvdev/robot_model/install/robot_one/share/robot_one/cmake/robot_oneConfig-version.cmake
-- Symlinking: /home/agvdev/robot_model/install/robot_one/share/robot_one/package.xml
