[0.436s] DEBUG:colcon:Command line arguments: ['/usr/bin/colcon', 'build', '--symlink-install']
[0.436s] DEBUG:colcon:Parsed command line arguments: Namespace(allow_overriding=[], ament_cmake_args=None, base_paths=['.'], build_base='build', catkin_cmake_args=None, catkin_skip_building_tests=False, cmake_args=None, cmake_clean_cache=False, cmake_clean_first=False, cmake_force_configure=False, cmake_target=None, cmake_target_skip_unavailable=False, continue_on_error=False, event_handlers=None, executor='parallel', ignore_user_meta=False, install_base='install', log_base=None, log_level=None, main=<bound method BuildVerb.main of <colcon_core.verb.build.BuildVerb object at 0x7f6a5257e1c0>>, merge_install=False, metas=['./colcon.meta'], packages_above=None, packages_above_and_dependencies=None, packages_above_depth=None, packages_end=None, packages_ignore=None, packages_ignore_regex=None, packages_select=None, packages_select_build_failed=False, packages_select_by_dep=None, packages_select_regex=None, packages_select_test_failures=False, packages_skip=None, packages_skip_build_finished=False, packages_skip_by_dep=None, packages_skip_regex=None, packages_skip_test_passed=False, packages_skip_up_to=None, packages_start=None, packages_up_to=None, packages_up_to_regex=None, parallel_workers=2, paths=None, symlink_install=True, test_result_base=None, verb_extension=<colcon_core.verb.build.BuildVerb object at 0x7f6a5257e1c0>, verb_name='build', verb_parser=<colcon_defaults.argument_parser.defaults.DefaultArgumentsDecorator object at 0x7f6a5257e700>)
[0.512s] Level 1:colcon.colcon_core.package_discovery:discover_packages(colcon_meta) check parameters
[0.512s] Level 1:colcon.colcon_core.package_discovery:discover_packages(recursive) check parameters
[0.512s] Level 1:colcon.colcon_core.package_discovery:discover_packages(ignore) check parameters
[0.512s] Level 1:colcon.colcon_core.package_discovery:discover_packages(path) check parameters
[0.512s] Level 1:colcon.colcon_core.package_discovery:discover_packages(colcon_meta) discover
[0.513s] Level 1:colcon.colcon_core.package_discovery:discover_packages(recursive) discover
[0.513s] INFO:colcon.colcon_core.package_discovery:Crawling recursively for packages in '/home/agvdev/robot_model'
[0.513s] Level 1:colcon.colcon_core.package_identification:_identify(.) by extensions ['ignore', 'ignore_ament_install']
[0.513s] Level 1:colcon.colcon_core.package_identification:_identify(.) by extension 'ignore'
[0.513s] Level 1:colcon.colcon_core.package_identification:_identify(.) by extension 'ignore_ament_install'
[0.513s] Level 1:colcon.colcon_core.package_identification:_identify(.) by extensions ['colcon_pkg']
[0.513s] Level 1:colcon.colcon_core.package_identification:_identify(.) by extension 'colcon_pkg'
[0.513s] Level 1:colcon.colcon_core.package_identification:_identify(.) by extensions ['colcon_meta']
[0.513s] Level 1:colcon.colcon_core.package_identification:_identify(.) by extension 'colcon_meta'
[0.513s] Level 1:colcon.colcon_core.package_identification:_identify(.) by extensions ['ros']
[0.513s] Level 1:colcon.colcon_core.package_identification:_identify(.) by extension 'ros'
[0.533s] Level 1:colcon.colcon_core.package_identification:_identify(.) by extensions ['cmake', 'python']
[0.533s] Level 1:colcon.colcon_core.package_identification:_identify(.) by extension 'cmake'
[0.533s] Level 1:colcon.colcon_core.package_identification:_identify(.) by extension 'python'
[0.533s] Level 1:colcon.colcon_core.package_identification:_identify(.) by extensions ['python_setup_py']
[0.533s] Level 1:colcon.colcon_core.package_identification:_identify(.) by extension 'python_setup_py'
[0.533s] Level 1:colcon.colcon_core.package_identification:_identify(build) by extensions ['ignore', 'ignore_ament_install']
[0.534s] Level 1:colcon.colcon_core.package_identification:_identify(build) by extension 'ignore'
[0.534s] Level 1:colcon.colcon_core.package_identification:_identify(build) ignored
[0.534s] Level 1:colcon.colcon_core.package_identification:_identify(install) by extensions ['ignore', 'ignore_ament_install']
[0.534s] Level 1:colcon.colcon_core.package_identification:_identify(install) by extension 'ignore'
[0.534s] Level 1:colcon.colcon_core.package_identification:_identify(install) ignored
[0.534s] Level 1:colcon.colcon_core.package_identification:_identify(log) by extensions ['ignore', 'ignore_ament_install']
[0.534s] Level 1:colcon.colcon_core.package_identification:_identify(log) by extension 'ignore'
[0.534s] Level 1:colcon.colcon_core.package_identification:_identify(log) ignored
[0.534s] Level 1:colcon.colcon_core.package_identification:_identify(src) by extensions ['ignore', 'ignore_ament_install']
[0.534s] Level 1:colcon.colcon_core.package_identification:_identify(src) by extension 'ignore'
[0.534s] Level 1:colcon.colcon_core.package_identification:_identify(src) by extension 'ignore_ament_install'
[0.534s] Level 1:colcon.colcon_core.package_identification:_identify(src) by extensions ['colcon_pkg']
[0.534s] Level 1:colcon.colcon_core.package_identification:_identify(src) by extension 'colcon_pkg'
[0.535s] Level 1:colcon.colcon_core.package_identification:_identify(src) by extensions ['colcon_meta']
[0.535s] Level 1:colcon.colcon_core.package_identification:_identify(src) by extension 'colcon_meta'
[0.535s] Level 1:colcon.colcon_core.package_identification:_identify(src) by extensions ['ros']
[0.535s] Level 1:colcon.colcon_core.package_identification:_identify(src) by extension 'ros'
[0.535s] Level 1:colcon.colcon_core.package_identification:_identify(src) by extensions ['cmake', 'python']
[0.535s] Level 1:colcon.colcon_core.package_identification:_identify(src) by extension 'cmake'
[0.535s] Level 1:colcon.colcon_core.package_identification:_identify(src) by extension 'python'
[0.535s] Level 1:colcon.colcon_core.package_identification:_identify(src) by extensions ['python_setup_py']
[0.535s] Level 1:colcon.colcon_core.package_identification:_identify(src) by extension 'python_setup_py'
[0.535s] Level 1:colcon.colcon_core.package_identification:_identify(src/robot_one) by extensions ['ignore', 'ignore_ament_install']
[0.535s] Level 1:colcon.colcon_core.package_identification:_identify(src/robot_one) by extension 'ignore'
[0.535s] Level 1:colcon.colcon_core.package_identification:_identify(src/robot_one) by extension 'ignore_ament_install'
[0.536s] Level 1:colcon.colcon_core.package_identification:_identify(src/robot_one) by extensions ['colcon_pkg']
[0.536s] Level 1:colcon.colcon_core.package_identification:_identify(src/robot_one) by extension 'colcon_pkg'
[0.536s] Level 1:colcon.colcon_core.package_identification:_identify(src/robot_one) by extensions ['colcon_meta']
[0.536s] Level 1:colcon.colcon_core.package_identification:_identify(src/robot_one) by extension 'colcon_meta'
[0.536s] Level 1:colcon.colcon_core.package_identification:_identify(src/robot_one) by extensions ['ros']
[0.536s] Level 1:colcon.colcon_core.package_identification:_identify(src/robot_one) by extension 'ros'
[0.540s] DEBUG:colcon.colcon_core.package_identification:Package 'src/robot_one' with type 'ros.ament_cmake' and name 'robot_one'
[0.540s] Level 1:colcon.colcon_core.package_identification:_identify(src/robot_two) by extensions ['ignore', 'ignore_ament_install']
[0.541s] Level 1:colcon.colcon_core.package_identification:_identify(src/robot_two) by extension 'ignore'
[0.541s] Level 1:colcon.colcon_core.package_identification:_identify(src/robot_two) by extension 'ignore_ament_install'
[0.541s] Level 1:colcon.colcon_core.package_identification:_identify(src/robot_two) by extensions ['colcon_pkg']
[0.541s] Level 1:colcon.colcon_core.package_identification:_identify(src/robot_two) by extension 'colcon_pkg'
[0.541s] Level 1:colcon.colcon_core.package_identification:_identify(src/robot_two) by extensions ['colcon_meta']
[0.541s] Level 1:colcon.colcon_core.package_identification:_identify(src/robot_two) by extension 'colcon_meta'
[0.541s] Level 1:colcon.colcon_core.package_identification:_identify(src/robot_two) by extensions ['ros']
[0.541s] Level 1:colcon.colcon_core.package_identification:_identify(src/robot_two) by extension 'ros'
[0.542s] DEBUG:colcon.colcon_core.package_identification:Package 'src/robot_two' with type 'ros.ament_cmake' and name 'robot_two'
[0.542s] Level 1:colcon.colcon_core.package_discovery:discover_packages(recursive) using defaults
[0.542s] Level 1:colcon.colcon_core.package_discovery:discover_packages(ignore) discover
[0.542s] Level 1:colcon.colcon_core.package_discovery:discover_packages(ignore) using defaults
[0.542s] Level 1:colcon.colcon_core.package_discovery:discover_packages(path) discover
[0.542s] Level 1:colcon.colcon_core.package_discovery:discover_packages(path) using defaults
[0.576s] Level 1:colcon.colcon_core.package_discovery:discover_packages(prefix_path) check parameters
[0.576s] Level 1:colcon.colcon_core.package_discovery:discover_packages(prefix_path) discover
[0.581s] DEBUG:colcon.colcon_installed_package_information.package_discovery:Found 276 installed packages in /opt/ros/foxy
[0.583s] Level 1:colcon.colcon_core.package_discovery:discover_packages(prefix_path) using defaults
[0.709s] Level 5:colcon.colcon_core.verb:set package 'robot_one' build argument 'cmake_args' from command line to 'None'
[0.709s] Level 5:colcon.colcon_core.verb:set package 'robot_one' build argument 'cmake_target' from command line to 'None'
[0.709s] Level 5:colcon.colcon_core.verb:set package 'robot_one' build argument 'cmake_target_skip_unavailable' from command line to 'False'
[0.709s] Level 5:colcon.colcon_core.verb:set package 'robot_one' build argument 'cmake_clean_cache' from command line to 'False'
[0.709s] Level 5:colcon.colcon_core.verb:set package 'robot_one' build argument 'cmake_clean_first' from command line to 'False'
[0.709s] Level 5:colcon.colcon_core.verb:set package 'robot_one' build argument 'cmake_force_configure' from command line to 'False'
[0.709s] Level 5:colcon.colcon_core.verb:set package 'robot_one' build argument 'ament_cmake_args' from command line to 'None'
[0.709s] Level 5:colcon.colcon_core.verb:set package 'robot_one' build argument 'catkin_cmake_args' from command line to 'None'
[0.709s] Level 5:colcon.colcon_core.verb:set package 'robot_one' build argument 'catkin_skip_building_tests' from command line to 'False'
[0.709s] DEBUG:colcon.colcon_core.verb:Building package 'robot_one' with the following arguments: {'ament_cmake_args': None, 'build_base': '/home/agvdev/robot_model/build/robot_one', 'catkin_cmake_args': None, 'catkin_skip_building_tests': False, 'cmake_args': None, 'cmake_clean_cache': False, 'cmake_clean_first': False, 'cmake_force_configure': False, 'cmake_target': None, 'cmake_target_skip_unavailable': False, 'install_base': '/home/agvdev/robot_model/install/robot_one', 'merge_install': False, 'path': '/home/agvdev/robot_model/src/robot_one', 'symlink_install': True, 'test_result_base': None}
[0.710s] Level 5:colcon.colcon_core.verb:set package 'robot_two' build argument 'cmake_args' from command line to 'None'
[0.710s] Level 5:colcon.colcon_core.verb:set package 'robot_two' build argument 'cmake_target' from command line to 'None'
[0.710s] Level 5:colcon.colcon_core.verb:set package 'robot_two' build argument 'cmake_target_skip_unavailable' from command line to 'False'
[0.710s] Level 5:colcon.colcon_core.verb:set package 'robot_two' build argument 'cmake_clean_cache' from command line to 'False'
[0.710s] Level 5:colcon.colcon_core.verb:set package 'robot_two' build argument 'cmake_clean_first' from command line to 'False'
[0.710s] Level 5:colcon.colcon_core.verb:set package 'robot_two' build argument 'cmake_force_configure' from command line to 'False'
[0.710s] Level 5:colcon.colcon_core.verb:set package 'robot_two' build argument 'ament_cmake_args' from command line to 'None'
[0.710s] Level 5:colcon.colcon_core.verb:set package 'robot_two' build argument 'catkin_cmake_args' from command line to 'None'
[0.710s] Level 5:colcon.colcon_core.verb:set package 'robot_two' build argument 'catkin_skip_building_tests' from command line to 'False'
[0.710s] DEBUG:colcon.colcon_core.verb:Building package 'robot_two' with the following arguments: {'ament_cmake_args': None, 'build_base': '/home/agvdev/robot_model/build/robot_two', 'catkin_cmake_args': None, 'catkin_skip_building_tests': False, 'cmake_args': None, 'cmake_clean_cache': False, 'cmake_clean_first': False, 'cmake_force_configure': False, 'cmake_target': None, 'cmake_target_skip_unavailable': False, 'install_base': '/home/agvdev/robot_model/install/robot_two', 'merge_install': False, 'path': '/home/agvdev/robot_model/src/robot_two', 'symlink_install': True, 'test_result_base': None}
[0.711s] INFO:colcon.colcon_core.executor:Executing jobs using 'parallel' executor
[0.714s] DEBUG:colcon.colcon_parallel_executor.executor.parallel:run_until_complete
[0.714s] INFO:colcon.colcon_ros.task.ament_cmake.build:Building ROS package in '/home/agvdev/robot_model/src/robot_one' with build type 'ament_cmake'
[0.715s] INFO:colcon.colcon_cmake.task.cmake.build:Building CMake package in '/home/agvdev/robot_model/src/robot_one'
[0.725s] INFO:colcon.colcon_core.plugin_system:Skipping extension 'colcon_core.shell.bat': Not used on non-Windows systems
[0.725s] INFO:colcon.colcon_core.shell:Skip shell extension 'powershell' for command environment: Not usable outside of PowerShell
[0.725s] DEBUG:colcon.colcon_core.shell:Skip shell extension 'dsv' for command environment
[0.732s] INFO:colcon.colcon_ros.task.ament_cmake.build:Building ROS package in '/home/agvdev/robot_model/src/robot_two' with build type 'ament_cmake'
[0.732s] INFO:colcon.colcon_cmake.task.cmake.build:Building CMake package in '/home/agvdev/robot_model/src/robot_two'
[0.734s] INFO:colcon.colcon_core.shell:Skip shell extension 'powershell' for command environment: Not usable outside of PowerShell
[0.734s] DEBUG:colcon.colcon_core.shell:Skip shell extension 'dsv' for command environment
[0.750s] DEBUG:colcon.colcon_core.event_handler.log_command:Invoking command in '/home/agvdev/robot_model/build/robot_one': CMAKE_PREFIX_PATH=/opt/ros/foxy /usr/bin/cmake --build /home/agvdev/robot_model/build/robot_one -- -j2 -l2
[0.757s] DEBUG:colcon.colcon_core.event_handler.log_command:Invoking command in '/home/agvdev/robot_model/build/robot_two': CMAKE_PREFIX_PATH=/opt/ros/foxy /usr/bin/cmake --build /home/agvdev/robot_model/build/robot_two -- -j2 -l2
[0.873s] DEBUG:colcon.colcon_core.event_handler.log_command:Invoked command in '/home/agvdev/robot_model/build/robot_two' returned '0': CMAKE_PREFIX_PATH=/opt/ros/foxy /usr/bin/cmake --build /home/agvdev/robot_model/build/robot_two -- -j2 -l2
[0.878s] DEBUG:colcon.colcon_core.event_handler.log_command:Invoked command in '/home/agvdev/robot_model/build/robot_one' returned '0': CMAKE_PREFIX_PATH=/opt/ros/foxy /usr/bin/cmake --build /home/agvdev/robot_model/build/robot_one -- -j2 -l2
[0.909s] DEBUG:colcon.colcon_core.event_handler.log_command:Invoking command in '/home/agvdev/robot_model/build/robot_two': CMAKE_PREFIX_PATH=/opt/ros/foxy /usr/bin/cmake --install /home/agvdev/robot_model/build/robot_two
[0.913s] DEBUG:colcon.colcon_core.event_handler.log_command:Invoking command in '/home/agvdev/robot_model/build/robot_one': CMAKE_PREFIX_PATH=/opt/ros/foxy /usr/bin/cmake --install /home/agvdev/robot_model/build/robot_one
[0.954s] Level 1:colcon.colcon_core.environment:create_environment_scripts_only(robot_two)
[0.955s] DEBUG:colcon.colcon_core.event_handler.log_command:Invoked command in '/home/agvdev/robot_model/build/robot_two' returned '0': CMAKE_PREFIX_PATH=/opt/ros/foxy /usr/bin/cmake --install /home/agvdev/robot_model/build/robot_two
[0.969s] Level 1:colcon.colcon_core.environment:checking '/home/agvdev/robot_model/install/robot_two' for CMake module files
[0.970s] Level 1:colcon.colcon_core.environment:checking '/home/agvdev/robot_model/install/robot_two' for CMake config files
[0.971s] Level 1:colcon.colcon_core.shell:create_environment_hook('robot_two', 'cmake_prefix_path')
[0.973s] INFO:colcon.colcon_core.shell:Creating environment hook '/home/agvdev/robot_model/install/robot_two/share/robot_two/hook/cmake_prefix_path.ps1'
[0.975s] INFO:colcon.colcon_core.shell:Creating environment descriptor '/home/agvdev/robot_model/install/robot_two/share/robot_two/hook/cmake_prefix_path.dsv'
[0.976s] INFO:colcon.colcon_core.shell:Creating environment hook '/home/agvdev/robot_model/install/robot_two/share/robot_two/hook/cmake_prefix_path.sh'
[0.977s] Level 1:colcon.colcon_core.environment:checking '/home/agvdev/robot_model/install/robot_two/bin'
[0.977s] Level 1:colcon.colcon_core.environment:checking '/home/agvdev/robot_model/install/robot_two/lib/pkgconfig/robot_two.pc'
[0.978s] Level 1:colcon.colcon_core.environment:checking '/home/agvdev/robot_model/install/robot_two/lib/python3.8/site-packages'
[0.978s] Level 1:colcon.colcon_core.environment:checking '/home/agvdev/robot_model/install/robot_two/bin'
[0.979s] INFO:colcon.colcon_core.shell:Creating package script '/home/agvdev/robot_model/install/robot_two/share/robot_two/package.ps1'
[0.980s] INFO:colcon.colcon_core.shell:Creating package descriptor '/home/agvdev/robot_model/install/robot_two/share/robot_two/package.dsv'
[0.981s] INFO:colcon.colcon_core.shell:Creating package script '/home/agvdev/robot_model/install/robot_two/share/robot_two/package.sh'
[0.982s] INFO:colcon.colcon_core.shell:Creating package script '/home/agvdev/robot_model/install/robot_two/share/robot_two/package.bash'
[0.983s] INFO:colcon.colcon_core.shell:Creating package script '/home/agvdev/robot_model/install/robot_two/share/robot_two/package.zsh'
[0.985s] Level 1:colcon.colcon_core.environment:create_file_with_runtime_dependencies(/home/agvdev/robot_model/install/robot_two/share/colcon-core/packages/robot_two)
[0.989s] Level 1:colcon.colcon_core.environment:create_environment_scripts_only(robot_one)
[0.991s] Level 1:colcon.colcon_core.environment:checking '/home/agvdev/robot_model/install/robot_one' for CMake module files
[0.992s] DEBUG:colcon.colcon_core.event_handler.log_command:Invoked command in '/home/agvdev/robot_model/build/robot_one' returned '0': CMAKE_PREFIX_PATH=/opt/ros/foxy /usr/bin/cmake --install /home/agvdev/robot_model/build/robot_one
[0.992s] Level 1:colcon.colcon_core.environment:checking '/home/agvdev/robot_model/install/robot_one' for CMake config files
[0.994s] Level 1:colcon.colcon_core.shell:create_environment_hook('robot_one', 'cmake_prefix_path')
[0.996s] INFO:colcon.colcon_core.shell:Creating environment hook '/home/agvdev/robot_model/install/robot_one/share/robot_one/hook/cmake_prefix_path.ps1'
[0.996s] INFO:colcon.colcon_core.shell:Creating environment descriptor '/home/agvdev/robot_model/install/robot_one/share/robot_one/hook/cmake_prefix_path.dsv'
[0.996s] INFO:colcon.colcon_core.shell:Creating environment hook '/home/agvdev/robot_model/install/robot_one/share/robot_one/hook/cmake_prefix_path.sh'
[0.997s] Level 1:colcon.colcon_core.environment:checking '/home/agvdev/robot_model/install/robot_one/bin'
[0.997s] Level 1:colcon.colcon_core.environment:checking '/home/agvdev/robot_model/install/robot_one/lib/pkgconfig/robot_one.pc'
[0.997s] Level 1:colcon.colcon_core.environment:checking '/home/agvdev/robot_model/install/robot_one/lib/python3.8/site-packages'
[0.998s] Level 1:colcon.colcon_core.environment:checking '/home/agvdev/robot_model/install/robot_one/bin'
[0.999s] INFO:colcon.colcon_core.shell:Creating package script '/home/agvdev/robot_model/install/robot_one/share/robot_one/package.ps1'
[0.999s] INFO:colcon.colcon_core.shell:Creating package descriptor '/home/agvdev/robot_model/install/robot_one/share/robot_one/package.dsv'
[1.000s] INFO:colcon.colcon_core.shell:Creating package script '/home/agvdev/robot_model/install/robot_one/share/robot_one/package.sh'
[1.000s] INFO:colcon.colcon_core.shell:Creating package script '/home/agvdev/robot_model/install/robot_one/share/robot_one/package.bash'
[1.000s] INFO:colcon.colcon_core.shell:Creating package script '/home/agvdev/robot_model/install/robot_one/share/robot_one/package.zsh'
[1.001s] Level 1:colcon.colcon_core.environment:create_file_with_runtime_dependencies(/home/agvdev/robot_model/install/robot_one/share/colcon-core/packages/robot_one)
[1.010s] Level 1:colcon.colcon_core.environment:create_environment_scripts_only(robot_two)
[1.012s] Level 1:colcon.colcon_core.environment:checking '/home/agvdev/robot_model/install/robot_two' for CMake module files
[1.012s] Level 1:colcon.colcon_core.environment:checking '/home/agvdev/robot_model/install/robot_two' for CMake config files
[1.013s] Level 1:colcon.colcon_core.shell:create_environment_hook('robot_two', 'cmake_prefix_path')
[1.014s] INFO:colcon.colcon_core.shell:Creating environment hook '/home/agvdev/robot_model/install/robot_two/share/robot_two/hook/cmake_prefix_path.ps1'
[1.014s] INFO:colcon.colcon_core.shell:Creating environment descriptor '/home/agvdev/robot_model/install/robot_two/share/robot_two/hook/cmake_prefix_path.dsv'
[1.015s] INFO:colcon.colcon_core.shell:Creating environment hook '/home/agvdev/robot_model/install/robot_two/share/robot_two/hook/cmake_prefix_path.sh'
[1.016s] Level 1:colcon.colcon_core.environment:checking '/home/agvdev/robot_model/install/robot_two/bin'
[1.016s] Level 1:colcon.colcon_core.environment:checking '/home/agvdev/robot_model/install/robot_two/lib/pkgconfig/robot_two.pc'
[1.016s] Level 1:colcon.colcon_core.environment:checking '/home/agvdev/robot_model/install/robot_two/lib/python3.8/site-packages'
[1.017s] Level 1:colcon.colcon_core.environment:checking '/home/agvdev/robot_model/install/robot_two/bin'
[1.018s] INFO:colcon.colcon_core.shell:Creating package script '/home/agvdev/robot_model/install/robot_two/share/robot_two/package.ps1'
[1.018s] INFO:colcon.colcon_core.shell:Creating package descriptor '/home/agvdev/robot_model/install/robot_two/share/robot_two/package.dsv'
[1.019s] INFO:colcon.colcon_core.shell:Creating package script '/home/agvdev/robot_model/install/robot_two/share/robot_two/package.sh'
[1.019s] INFO:colcon.colcon_core.shell:Creating package script '/home/agvdev/robot_model/install/robot_two/share/robot_two/package.bash'
[1.020s] INFO:colcon.colcon_core.shell:Creating package script '/home/agvdev/robot_model/install/robot_two/share/robot_two/package.zsh'
[1.020s] Level 1:colcon.colcon_core.environment:create_file_with_runtime_dependencies(/home/agvdev/robot_model/install/robot_two/share/colcon-core/packages/robot_two)
[1.033s] Level 1:colcon.colcon_core.environment:create_environment_scripts_only(robot_one)
[1.035s] Level 1:colcon.colcon_core.environment:checking '/home/agvdev/robot_model/install/robot_one' for CMake module files
[1.035s] Level 1:colcon.colcon_core.environment:checking '/home/agvdev/robot_model/install/robot_one' for CMake config files
[1.036s] Level 1:colcon.colcon_core.shell:create_environment_hook('robot_one', 'cmake_prefix_path')
[1.037s] INFO:colcon.colcon_core.shell:Creating environment hook '/home/agvdev/robot_model/install/robot_one/share/robot_one/hook/cmake_prefix_path.ps1'
[1.037s] INFO:colcon.colcon_core.shell:Creating environment descriptor '/home/agvdev/robot_model/install/robot_one/share/robot_one/hook/cmake_prefix_path.dsv'
[1.038s] INFO:colcon.colcon_core.shell:Creating environment hook '/home/agvdev/robot_model/install/robot_one/share/robot_one/hook/cmake_prefix_path.sh'
[1.039s] Level 1:colcon.colcon_core.environment:checking '/home/agvdev/robot_model/install/robot_one/bin'
[1.039s] Level 1:colcon.colcon_core.environment:checking '/home/agvdev/robot_model/install/robot_one/lib/pkgconfig/robot_one.pc'
[1.039s] Level 1:colcon.colcon_core.environment:checking '/home/agvdev/robot_model/install/robot_one/lib/python3.8/site-packages'
[1.039s] Level 1:colcon.colcon_core.environment:checking '/home/agvdev/robot_model/install/robot_one/bin'
[1.041s] INFO:colcon.colcon_core.shell:Creating package script '/home/agvdev/robot_model/install/robot_one/share/robot_one/package.ps1'
[1.041s] INFO:colcon.colcon_core.shell:Creating package descriptor '/home/agvdev/robot_model/install/robot_one/share/robot_one/package.dsv'
[1.042s] INFO:colcon.colcon_core.shell:Creating package script '/home/agvdev/robot_model/install/robot_one/share/robot_one/package.sh'
[1.042s] INFO:colcon.colcon_core.shell:Creating package script '/home/agvdev/robot_model/install/robot_one/share/robot_one/package.bash'
[1.043s] INFO:colcon.colcon_core.shell:Creating package script '/home/agvdev/robot_model/install/robot_one/share/robot_one/package.zsh'
[1.043s] Level 1:colcon.colcon_core.environment:create_file_with_runtime_dependencies(/home/agvdev/robot_model/install/robot_one/share/colcon-core/packages/robot_one)
[1.043s] DEBUG:colcon.colcon_parallel_executor.executor.parallel:closing loop
[1.043s] DEBUG:colcon.colcon_parallel_executor.executor.parallel:loop closed
[1.044s] DEBUG:colcon.colcon_parallel_executor.executor.parallel:run_until_complete finished with '0'
[1.044s] DEBUG:colcon.colcon_core.event_reactor:joining thread
[1.060s] INFO:colcon.colcon_core.plugin_system:Skipping extension 'colcon_notification.desktop_notification.terminal_notifier': Not used on non-Darwin systems
[1.060s] INFO:colcon.colcon_core.plugin_system:Skipping extension 'colcon_notification.desktop_notification.win32': Not used on non-Windows systems
[1.060s] INFO:colcon.colcon_notification.desktop_notification:Sending desktop notification using 'notify2'
[1.085s] DEBUG:colcon.colcon_core.event_reactor:joined thread
[1.086s] INFO:colcon.colcon_core.shell:Creating prefix script '/home/agvdev/robot_model/install/local_setup.ps1'
[1.088s] INFO:colcon.colcon_core.shell:Creating prefix util module '/home/agvdev/robot_model/install/_local_setup_util_ps1.py'
[1.089s] INFO:colcon.colcon_core.shell:Creating prefix chain script '/home/agvdev/robot_model/install/setup.ps1'
[1.092s] INFO:colcon.colcon_core.shell:Creating prefix script '/home/agvdev/robot_model/install/local_setup.sh'
[1.093s] INFO:colcon.colcon_core.shell:Creating prefix util module '/home/agvdev/robot_model/install/_local_setup_util_sh.py'
[1.094s] INFO:colcon.colcon_core.shell:Creating prefix chain script '/home/agvdev/robot_model/install/setup.sh'
[1.095s] INFO:colcon.colcon_core.shell:Creating prefix script '/home/agvdev/robot_model/install/local_setup.bash'
[1.096s] INFO:colcon.colcon_core.shell:Creating prefix chain script '/home/agvdev/robot_model/install/setup.bash'
[1.097s] INFO:colcon.colcon_core.shell:Creating prefix script '/home/agvdev/robot_model/install/local_setup.zsh'
[1.098s] INFO:colcon.colcon_core.shell:Creating prefix chain script '/home/agvdev/robot_model/install/setup.zsh'
