[0.038s] Invoking command in '/home/agvdev/robot_model/build/robot_one': /usr/bin/cmake --build /home/agvdev/robot_model/build/robot_one -- -j2 -l2
[0.286s] Invoked command in '/home/agvdev/robot_model/build/robot_one' returned '0': /usr/bin/cmake --build /home/agvdev/robot_model/build/robot_one -- -j2 -l2
[0.334s] Invoking command in '/home/agvdev/robot_model/build/robot_one': /usr/bin/cmake --install /home/agvdev/robot_model/build/robot_one
[0.345s] -- Install configuration: ""
[0.347s] -- Execute custom install script
[0.353s] -- Up-to-date symlink: /home/agvdev/robot_model/install/robot_one/share/robot_one/config/drive_bot.rviz
[0.353s] -- Up-to-date symlink: /home/agvdev/robot_model/install/robot_one/share/robot_one/config/main.rviz
[0.354s] -- Up-to-date symlink: /home/agvdev/robot_model/install/robot_one/share/robot_one/config/mapper_params_offline.yaml
[0.355s] -- Up-to-date symlink: /home/agvdev/robot_model/install/robot_one/share/robot_one/config/mapper_params_online_async.yaml
[0.355s] -- Up-to-date symlink: /home/agvdev/robot_model/install/robot_one/share/robot_one/config/view_bot.rviz
[0.357s] -- Up-to-date symlink: /home/agvdev/robot_model/install/robot_one/share/robot_one/description/inertial_macros.xacro
[0.358s] -- Up-to-date symlink: /home/agvdev/robot_model/install/robot_one/share/robot_one/description/lidar.xacro
[0.359s] -- Up-to-date symlink: /home/agvdev/robot_model/install/robot_one/share/robot_one/description/ro_control.xacro
[0.360s] -- Up-to-date symlink: /home/agvdev/robot_model/install/robot_one/share/robot_one/description/robot.urdf.xacro
[0.361s] -- Up-to-date symlink: /home/agvdev/robot_model/install/robot_one/share/robot_one/description/robot_core.xacro
[0.362s] -- Symlinking: /home/agvdev/robot_model/install/robot_one/share/robot_one/description/twist_mux.yaml
[0.390s] -- Up-to-date symlink: /home/agvdev/robot_model/install/robot_one/share/robot_one/launch/ro.launch.py
[0.391s] -- Up-to-date symlink: /home/agvdev/robot_model/install/robot_one/share/robot_one/launch/rsp.launch.py
[0.393s] -- Up-to-date symlink: /home/agvdev/robot_model/install/robot_one/share/robot_one/worlds/building/model.config
[0.395s] -- Up-to-date symlink: /home/agvdev/robot_model/install/robot_one/share/robot_one/worlds/building/model.sdf
[0.395s] -- Up-to-date symlink: /home/agvdev/robot_model/install/robot_one/share/robot_one/worlds/obstacle.world
[0.397s] -- Up-to-date symlink: /home/agvdev/robot_model/install/robot_one/share/ament_index/resource_index/package_run_dependencies/robot_one
[0.398s] -- Up-to-date symlink: /home/agvdev/robot_model/install/robot_one/share/ament_index/resource_index/parent_prefix_path/robot_one
[0.399s] -- Up-to-date symlink: /home/agvdev/robot_model/install/robot_one/share/robot_one/environment/ament_prefix_path.sh
[0.400s] -- Up-to-date symlink: /home/agvdev/robot_model/install/robot_one/share/robot_one/environment/ament_prefix_path.dsv
[0.401s] -- Up-to-date symlink: /home/agvdev/robot_model/install/robot_one/share/robot_one/environment/path.sh
[0.402s] -- Up-to-date symlink: /home/agvdev/robot_model/install/robot_one/share/robot_one/environment/path.dsv
[0.403s] -- Up-to-date symlink: /home/agvdev/robot_model/install/robot_one/share/robot_one/local_setup.bash
[0.404s] -- Up-to-date symlink: /home/agvdev/robot_model/install/robot_one/share/robot_one/local_setup.sh
[0.405s] -- Up-to-date symlink: /home/agvdev/robot_model/install/robot_one/share/robot_one/local_setup.zsh
[0.407s] -- Up-to-date symlink: /home/agvdev/robot_model/install/robot_one/share/robot_one/local_setup.dsv
[0.407s] -- Symlinking: /home/agvdev/robot_model/install/robot_one/share/robot_one/package.dsv
[0.427s] -- Up-to-date symlink: /home/agvdev/robot_model/install/robot_one/share/ament_index/resource_index/packages/robot_one
[0.428s] -- Up-to-date symlink: /home/agvdev/robot_model/install/robot_one/share/robot_one/cmake/robot_oneConfig.cmake
[0.429s] -- Up-to-date symlink: /home/agvdev/robot_model/install/robot_one/share/robot_one/cmake/robot_oneConfig-version.cmake
[0.430s] -- Up-to-date symlink: /home/agvdev/robot_model/install/robot_one/share/robot_one/package.xml
[0.447s] Invoked command in '/home/agvdev/robot_model/build/robot_one' returned '0': /usr/bin/cmake --install /home/agvdev/robot_model/build/robot_one
