[0.048s] Invoking command in '/home/agvdev/robot_model/build/robot_two': CMAKE_PREFIX_PATH=${CMAKE_PREFIX_PATH}:/opt/ros/foxy /usr/bin/cmake --build /home/agvdev/robot_model/build/robot_two -- -j2 -l2
[0.291s] Invoked command in '/home/agvdev/robot_model/build/robot_two' returned '0': CMAKE_PREFIX_PATH=${CMAKE_PREFIX_PATH}:/opt/ros/foxy /usr/bin/cmake --build /home/agvdev/robot_model/build/robot_two -- -j2 -l2
[0.364s] Invoking command in '/home/agvdev/robot_model/build/robot_two': CMAKE_PREFIX_PATH=${CMAKE_PREFIX_PATH}:/opt/ros/foxy /usr/bin/cmake --install /home/agvdev/robot_model/build/robot_two
[0.397s] -- Install configuration: ""
[0.399s] -- Execute custom install script
[0.402s] -- Up-to-date symlink: /home/agvdev/robot_model/install/robot_two/share/robot_two/description/agv_tov.gazebo
[0.403s] -- Up-to-date symlink: /home/agvdev/robot_model/install/robot_two/share/robot_two/description/agv_tov.trans
[0.403s] -- Up-to-date symlink: /home/agvdev/robot_model/install/robot_two/share/robot_two/description/agv_tov.xacro
[0.404s] -- Up-to-date symlink: /home/agvdev/robot_model/install/robot_two/share/robot_two/description/materials.xacro
[0.411s] -- Up-to-date symlink: /home/agvdev/robot_model/install/robot_two/share/robot_two/launch/agv_tov.launch.py
[0.416s] -- Up-to-date symlink: /home/agvdev/robot_model/install/robot_two/share/robot_two/launch/agv_tov_gazebo.launch.py
[0.420s] -- Up-to-date symlink: /home/agvdev/robot_model/install/robot_two/share/ament_index/resource_index/package_run_dependencies/robot_two
[0.421s] -- Up-to-date symlink: /home/agvdev/robot_model/install/robot_two/share/ament_index/resource_index/parent_prefix_path/robot_two
[0.421s] -- Up-to-date symlink: /home/agvdev/robot_model/install/robot_two/share/robot_two/environment/ament_prefix_path.sh
[0.423s] -- Up-to-date symlink: /home/agvdev/robot_model/install/robot_two/share/robot_two/environment/ament_prefix_path.dsv
[0.424s] -- Up-to-date symlink: /home/agvdev/robot_model/install/robot_two/share/robot_two/environment/path.sh
[0.424s] -- Up-to-date symlink: /home/agvdev/robot_model/install/robot_two/share/robot_two/environment/path.dsv
[0.425s] -- Up-to-date symlink: /home/agvdev/robot_model/install/robot_two/share/robot_two/local_setup.bash
[0.425s] -- Up-to-date symlink: /home/agvdev/robot_model/install/robot_two/share/robot_two/local_setup.sh
[0.426s] -- Up-to-date symlink: /home/agvdev/robot_model/install/robot_two/share/robot_two/local_setup.zsh
[0.427s] -- Up-to-date symlink: /home/agvdev/robot_model/install/robot_two/share/robot_two/local_setup.dsv
[0.428s] -- Symlinking: /home/agvdev/robot_model/install/robot_two/share/robot_two/package.dsv
[0.449s] -- Up-to-date symlink: /home/agvdev/robot_model/install/robot_two/share/ament_index/resource_index/packages/robot_two
[0.449s] -- Up-to-date symlink: /home/agvdev/robot_model/install/robot_two/share/robot_two/cmake/robot_twoConfig.cmake
[0.449s] -- Up-to-date symlink: /home/agvdev/robot_model/install/robot_two/share/robot_two/cmake/robot_twoConfig-version.cmake
[0.449s] -- Up-to-date symlink: /home/agvdev/robot_model/install/robot_two/share/robot_two/package.xml
[0.486s] Invoked command in '/home/agvdev/robot_model/build/robot_two' returned '0': CMAKE_PREFIX_PATH=${CMAKE_PREFIX_PATH}:/opt/ros/foxy /usr/bin/cmake --install /home/agvdev/robot_model/build/robot_two
