[0.065s] Invoking command in '/home/agvdev/robot_model/build/robot_one': CMAKE_PREFIX_PATH=${CMAKE_PREFIX_PATH}:/opt/ros/foxy /usr/bin/cmake --build /home/agvdev/robot_model/build/robot_one -- -j2 -l2
[0.225s] Invoked command in '/home/agvdev/robot_model/build/robot_one' returned '0': CMAKE_PREFIX_PATH=${CMAKE_PREFIX_PATH}:/opt/ros/foxy /usr/bin/cmake --build /home/agvdev/robot_model/build/robot_one -- -j2 -l2
[0.344s] Invoking command in '/home/agvdev/robot_model/build/robot_one': CMAKE_PREFIX_PATH=${CMAKE_PREFIX_PATH}:/opt/ros/foxy /usr/bin/cmake --install /home/agvdev/robot_model/build/robot_one
[0.397s] -- Install configuration: ""
[0.401s] -- Execute custom install script
[0.405s] -- Up-to-date symlink: /home/agvdev/robot_model/install/robot_one/share/robot_one/description/inertial_macros.xacro
[0.406s] -- Up-to-date symlink: /home/agvdev/robot_model/install/robot_one/share/robot_one/description/robot.urdf.xacro
[0.408s] -- Up-to-date symlink: /home/agvdev/robot_model/install/robot_one/share/robot_one/description/robot_core.xacro
[0.412s] -- Up-to-date symlink: /home/agvdev/robot_model/install/robot_one/share/robot_one/launch/rsp.launch.py
[0.420s] -- Up-to-date symlink: /home/agvdev/robot_model/install/robot_one/share/ament_index/resource_index/package_run_dependencies/robot_one
[0.420s] -- Up-to-date symlink: /home/agvdev/robot_model/install/robot_one/share/ament_index/resource_index/parent_prefix_path/robot_one
[0.422s] -- Up-to-date symlink: /home/agvdev/robot_model/install/robot_one/share/robot_one/environment/ament_prefix_path.sh
[0.424s] -- Up-to-date symlink: /home/agvdev/robot_model/install/robot_one/share/robot_one/environment/ament_prefix_path.dsv
[0.426s] -- Up-to-date symlink: /home/agvdev/robot_model/install/robot_one/share/robot_one/environment/path.sh
[0.428s] -- Up-to-date symlink: /home/agvdev/robot_model/install/robot_one/share/robot_one/environment/path.dsv
[0.429s] -- Up-to-date symlink: /home/agvdev/robot_model/install/robot_one/share/robot_one/local_setup.bash
[0.430s] -- Up-to-date symlink: /home/agvdev/robot_model/install/robot_one/share/robot_one/local_setup.sh
[0.431s] -- Up-to-date symlink: /home/agvdev/robot_model/install/robot_one/share/robot_one/local_setup.zsh
[0.432s] -- Up-to-date symlink: /home/agvdev/robot_model/install/robot_one/share/robot_one/local_setup.dsv
[0.435s] -- Symlinking: /home/agvdev/robot_model/install/robot_one/share/robot_one/package.dsv
[0.464s] -- Up-to-date symlink: /home/agvdev/robot_model/install/robot_one/share/ament_index/resource_index/packages/robot_one
[0.466s] -- Up-to-date symlink: /home/agvdev/robot_model/install/robot_one/share/robot_one/cmake/robot_oneConfig.cmake
[0.467s] -- Up-to-date symlink: /home/agvdev/robot_model/install/robot_one/share/robot_one/cmake/robot_oneConfig-version.cmake
[0.468s] -- Up-to-date symlink: /home/agvdev/robot_model/install/robot_one/share/robot_one/package.xml
[0.476s] Invoked command in '/home/agvdev/robot_model/build/robot_one' returned '0': CMAKE_PREFIX_PATH=${CMAKE_PREFIX_PATH}:/opt/ros/foxy /usr/bin/cmake --install /home/agvdev/robot_model/build/robot_one
