[0.024s] Invoking command in '/home/agvdev/robot_model/build/robot_one': /usr/bin/cmake --build /home/agvdev/robot_model/build/robot_one -- -j2 -l2
[0.114s] Invoked command in '/home/agvdev/robot_model/build/robot_one' returned '0': /usr/bin/cmake --build /home/agvdev/robot_model/build/robot_one -- -j2 -l2
[0.152s] Invoking command in '/home/agvdev/robot_model/build/robot_one': /usr/bin/cmake --install /home/agvdev/robot_model/build/robot_one
[0.164s] -- Install configuration: ""
[0.164s] -- Execute custom install script
[0.165s] -- Up-to-date symlink: /home/agvdev/robot_model/install/robot_one/share/robot_one/config/drive_bot.rviz
[0.166s] -- Symlinking: /home/agvdev/robot_model/install/robot_one/share/robot_one/config/mapper_params_offline.yaml
[0.182s] -- Up-to-date symlink: /home/agvdev/robot_model/install/robot_one/share/robot_one/config/view_bot.rviz
[0.182s] -- Up-to-date symlink: /home/agvdev/robot_model/install/robot_one/share/robot_one/description/inertial_macros.xacro
[0.182s] -- Up-to-date symlink: /home/agvdev/robot_model/install/robot_one/share/robot_one/description/lidar.xacro
[0.182s] -- Up-to-date symlink: /home/agvdev/robot_model/install/robot_one/share/robot_one/description/ro_control.xacro
[0.182s] -- Up-to-date symlink: /home/agvdev/robot_model/install/robot_one/share/robot_one/description/robot.urdf.xacro
[0.182s] -- Up-to-date symlink: /home/agvdev/robot_model/install/robot_one/share/robot_one/description/robot_core.xacro
[0.182s] -- Up-to-date symlink: /home/agvdev/robot_model/install/robot_one/share/robot_one/launch/ro.launch.py
[0.182s] -- Up-to-date symlink: /home/agvdev/robot_model/install/robot_one/share/robot_one/launch/rsp.launch.py
[0.183s] -- Up-to-date symlink: /home/agvdev/robot_model/install/robot_one/share/ament_index/resource_index/package_run_dependencies/robot_one
[0.183s] -- Up-to-date symlink: /home/agvdev/robot_model/install/robot_one/share/ament_index/resource_index/parent_prefix_path/robot_one
[0.183s] -- Up-to-date symlink: /home/agvdev/robot_model/install/robot_one/share/robot_one/environment/ament_prefix_path.sh
[0.183s] -- Up-to-date symlink: /home/agvdev/robot_model/install/robot_one/share/robot_one/environment/ament_prefix_path.dsv
[0.183s] -- Up-to-date symlink: /home/agvdev/robot_model/install/robot_one/share/robot_one/environment/path.sh
[0.183s] -- Up-to-date symlink: /home/agvdev/robot_model/install/robot_one/share/robot_one/environment/path.dsv
[0.183s] -- Up-to-date symlink: /home/agvdev/robot_model/install/robot_one/share/robot_one/local_setup.bash
[0.183s] -- Up-to-date symlink: /home/agvdev/robot_model/install/robot_one/share/robot_one/local_setup.sh
[0.183s] -- Up-to-date symlink: /home/agvdev/robot_model/install/robot_one/share/robot_one/local_setup.zsh
[0.183s] -- Up-to-date symlink: /home/agvdev/robot_model/install/robot_one/share/robot_one/local_setup.dsv
[0.183s] -- Symlinking: /home/agvdev/robot_model/install/robot_one/share/robot_one/package.dsv
[0.194s] -- Up-to-date symlink: /home/agvdev/robot_model/install/robot_one/share/ament_index/resource_index/packages/robot_one
[0.194s] -- Up-to-date symlink: /home/agvdev/robot_model/install/robot_one/share/robot_one/cmake/robot_oneConfig.cmake
[0.194s] -- Up-to-date symlink: /home/agvdev/robot_model/install/robot_one/share/robot_one/cmake/robot_oneConfig-version.cmake
[0.194s] -- Up-to-date symlink: /home/agvdev/robot_model/install/robot_one/share/robot_one/package.xml
[0.221s] Invoked command in '/home/agvdev/robot_model/build/robot_one' returned '0': /usr/bin/cmake --install /home/agvdev/robot_model/build/robot_one
