[0.862s] DEBUG:colcon:Command line arguments: ['/usr/bin/colcon', 'build', '--symlink-install']
[0.862s] DEBUG:colcon:Parsed command line arguments: Namespace(allow_overriding=[], ament_cmake_args=None, base_paths=['.'], build_base='build', catkin_cmake_args=None, catkin_skip_building_tests=False, cmake_args=None, cmake_clean_cache=False, cmake_clean_first=False, cmake_force_configure=False, cmake_target=None, cmake_target_skip_unavailable=False, continue_on_error=False, event_handlers=None, executor='parallel', ignore_user_meta=False, install_base='install', log_base=None, log_level=None, main=<bound method BuildVerb.main of <colcon_core.verb.build.BuildVerb object at 0x7f63591ff130>>, merge_install=False, metas=['./colcon.meta'], packages_above=None, packages_above_and_dependencies=None, packages_above_depth=None, packages_end=None, packages_ignore=None, packages_ignore_regex=None, packages_select=None, packages_select_build_failed=False, packages_select_by_dep=None, packages_select_regex=None, packages_select_test_failures=False, packages_skip=None, packages_skip_build_finished=False, packages_skip_by_dep=None, packages_skip_regex=None, packages_skip_test_passed=False, packages_skip_up_to=None, packages_start=None, packages_up_to=None, packages_up_to_regex=None, parallel_workers=2, paths=None, symlink_install=True, test_result_base=None, verb_extension=<colcon_core.verb.build.BuildVerb object at 0x7f63591ff130>, verb_name='build', verb_parser=<colcon_defaults.argument_parser.defaults.DefaultArgumentsDecorator object at 0x7f63591ff670>)
[0.943s] Level 1:colcon.colcon_core.package_discovery:discover_packages(colcon_meta) check parameters
[0.943s] Level 1:colcon.colcon_core.package_discovery:discover_packages(recursive) check parameters
[0.943s] Level 1:colcon.colcon_core.package_discovery:discover_packages(ignore) check parameters
[0.943s] Level 1:colcon.colcon_core.package_discovery:discover_packages(path) check parameters
[0.944s] Level 1:colcon.colcon_core.package_discovery:discover_packages(colcon_meta) discover
[0.944s] Level 1:colcon.colcon_core.package_discovery:discover_packages(recursive) discover
[0.944s] INFO:colcon.colcon_core.package_discovery:Crawling recursively for packages in '/home/agvdev/robot_model'
[0.944s] Level 1:colcon.colcon_core.package_identification:_identify(.) by extensions ['ignore', 'ignore_ament_install']
[0.944s] Level 1:colcon.colcon_core.package_identification:_identify(.) by extension 'ignore'
[0.944s] Level 1:colcon.colcon_core.package_identification:_identify(.) by extension 'ignore_ament_install'
[0.944s] Level 1:colcon.colcon_core.package_identification:_identify(.) by extensions ['colcon_pkg']
[0.944s] Level 1:colcon.colcon_core.package_identification:_identify(.) by extension 'colcon_pkg'
[0.944s] Level 1:colcon.colcon_core.package_identification:_identify(.) by extensions ['colcon_meta']
[0.944s] Level 1:colcon.colcon_core.package_identification:_identify(.) by extension 'colcon_meta'
[0.944s] Level 1:colcon.colcon_core.package_identification:_identify(.) by extensions ['ros']
[0.944s] Level 1:colcon.colcon_core.package_identification:_identify(.) by extension 'ros'
[0.969s] Level 1:colcon.colcon_core.package_identification:_identify(.) by extensions ['cmake', 'python']
[0.969s] Level 1:colcon.colcon_core.package_identification:_identify(.) by extension 'cmake'
[0.969s] Level 1:colcon.colcon_core.package_identification:_identify(.) by extension 'python'
[0.969s] Level 1:colcon.colcon_core.package_identification:_identify(.) by extensions ['python_setup_py']
[0.969s] Level 1:colcon.colcon_core.package_identification:_identify(.) by extension 'python_setup_py'
[0.969s] Level 1:colcon.colcon_core.package_identification:_identify(build) by extensions ['ignore', 'ignore_ament_install']
[0.969s] Level 1:colcon.colcon_core.package_identification:_identify(build) by extension 'ignore'
[0.969s] Level 1:colcon.colcon_core.package_identification:_identify(build) ignored
[0.969s] Level 1:colcon.colcon_core.package_identification:_identify(install) by extensions ['ignore', 'ignore_ament_install']
[0.969s] Level 1:colcon.colcon_core.package_identification:_identify(install) by extension 'ignore'
[0.969s] Level 1:colcon.colcon_core.package_identification:_identify(install) ignored
[0.969s] Level 1:colcon.colcon_core.package_identification:_identify(log) by extensions ['ignore', 'ignore_ament_install']
[0.969s] Level 1:colcon.colcon_core.package_identification:_identify(log) by extension 'ignore'
[0.969s] Level 1:colcon.colcon_core.package_identification:_identify(log) ignored
[0.970s] Level 1:colcon.colcon_core.package_identification:_identify(src) by extensions ['ignore', 'ignore_ament_install']
[0.970s] Level 1:colcon.colcon_core.package_identification:_identify(src) by extension 'ignore'
[0.970s] Level 1:colcon.colcon_core.package_identification:_identify(src) by extension 'ignore_ament_install'
[0.970s] Level 1:colcon.colcon_core.package_identification:_identify(src) by extensions ['colcon_pkg']
[0.970s] Level 1:colcon.colcon_core.package_identification:_identify(src) by extension 'colcon_pkg'
[0.970s] Level 1:colcon.colcon_core.package_identification:_identify(src) by extensions ['colcon_meta']
[0.970s] Level 1:colcon.colcon_core.package_identification:_identify(src) by extension 'colcon_meta'
[0.970s] Level 1:colcon.colcon_core.package_identification:_identify(src) by extensions ['ros']
[0.970s] Level 1:colcon.colcon_core.package_identification:_identify(src) by extension 'ros'
[0.970s] Level 1:colcon.colcon_core.package_identification:_identify(src) by extensions ['cmake', 'python']
[0.970s] Level 1:colcon.colcon_core.package_identification:_identify(src) by extension 'cmake'
[0.970s] Level 1:colcon.colcon_core.package_identification:_identify(src) by extension 'python'
[0.970s] Level 1:colcon.colcon_core.package_identification:_identify(src) by extensions ['python_setup_py']
[0.971s] Level 1:colcon.colcon_core.package_identification:_identify(src) by extension 'python_setup_py'
[0.971s] Level 1:colcon.colcon_core.package_identification:_identify(src/robot_one) by extensions ['ignore', 'ignore_ament_install']
[0.971s] Level 1:colcon.colcon_core.package_identification:_identify(src/robot_one) by extension 'ignore'
[0.971s] Level 1:colcon.colcon_core.package_identification:_identify(src/robot_one) by extension 'ignore_ament_install'
[0.971s] Level 1:colcon.colcon_core.package_identification:_identify(src/robot_one) by extensions ['colcon_pkg']
[0.971s] Level 1:colcon.colcon_core.package_identification:_identify(src/robot_one) by extension 'colcon_pkg'
[0.971s] Level 1:colcon.colcon_core.package_identification:_identify(src/robot_one) by extensions ['colcon_meta']
[0.971s] Level 1:colcon.colcon_core.package_identification:_identify(src/robot_one) by extension 'colcon_meta'
[0.971s] Level 1:colcon.colcon_core.package_identification:_identify(src/robot_one) by extensions ['ros']
[0.971s] Level 1:colcon.colcon_core.package_identification:_identify(src/robot_one) by extension 'ros'
[0.976s] DEBUG:colcon.colcon_core.package_identification:Package 'src/robot_one' with type 'ros.ament_cmake' and name 'robot_one'
[0.976s] Level 1:colcon.colcon_core.package_identification:_identify(src/robot_two) by extensions ['ignore', 'ignore_ament_install']
[0.976s] Level 1:colcon.colcon_core.package_identification:_identify(src/robot_two) by extension 'ignore'
[0.976s] Level 1:colcon.colcon_core.package_identification:_identify(src/robot_two) by extension 'ignore_ament_install'
[0.976s] Level 1:colcon.colcon_core.package_identification:_identify(src/robot_two) by extensions ['colcon_pkg']
[0.976s] Level 1:colcon.colcon_core.package_identification:_identify(src/robot_two) by extension 'colcon_pkg'
[0.976s] Level 1:colcon.colcon_core.package_identification:_identify(src/robot_two) by extensions ['colcon_meta']
[0.976s] Level 1:colcon.colcon_core.package_identification:_identify(src/robot_two) by extension 'colcon_meta'
[0.976s] Level 1:colcon.colcon_core.package_identification:_identify(src/robot_two) by extensions ['ros']
[0.976s] Level 1:colcon.colcon_core.package_identification:_identify(src/robot_two) by extension 'ros'
[0.977s] DEBUG:colcon.colcon_core.package_identification:Package 'src/robot_two' with type 'ros.ament_cmake' and name 'robot_two'
[0.977s] Level 1:colcon.colcon_core.package_discovery:discover_packages(recursive) using defaults
[0.978s] Level 1:colcon.colcon_core.package_discovery:discover_packages(ignore) discover
[0.978s] Level 1:colcon.colcon_core.package_discovery:discover_packages(ignore) using defaults
[0.978s] Level 1:colcon.colcon_core.package_discovery:discover_packages(path) discover
[0.978s] Level 1:colcon.colcon_core.package_discovery:discover_packages(path) using defaults
[1.025s] Level 1:colcon.colcon_core.package_discovery:discover_packages(prefix_path) check parameters
[1.025s] Level 1:colcon.colcon_core.package_discovery:discover_packages(prefix_path) discover
[1.035s] DEBUG:colcon.colcon_installed_package_information.package_discovery:Found 2 installed packages in /home/agvdev/robot_model/install
[1.039s] DEBUG:colcon.colcon_installed_package_information.package_discovery:Found 276 installed packages in /opt/ros/foxy
[1.042s] Level 1:colcon.colcon_core.package_discovery:discover_packages(prefix_path) using defaults
[1.300s] Level 5:colcon.colcon_core.verb:set package 'robot_one' build argument 'cmake_args' from command line to 'None'
[1.300s] Level 5:colcon.colcon_core.verb:set package 'robot_one' build argument 'cmake_target' from command line to 'None'
[1.300s] Level 5:colcon.colcon_core.verb:set package 'robot_one' build argument 'cmake_target_skip_unavailable' from command line to 'False'
[1.300s] Level 5:colcon.colcon_core.verb:set package 'robot_one' build argument 'cmake_clean_cache' from command line to 'False'
[1.300s] Level 5:colcon.colcon_core.verb:set package 'robot_one' build argument 'cmake_clean_first' from command line to 'False'
[1.300s] Level 5:colcon.colcon_core.verb:set package 'robot_one' build argument 'cmake_force_configure' from command line to 'False'
[1.300s] Level 5:colcon.colcon_core.verb:set package 'robot_one' build argument 'ament_cmake_args' from command line to 'None'
[1.300s] Level 5:colcon.colcon_core.verb:set package 'robot_one' build argument 'catkin_cmake_args' from command line to 'None'
[1.300s] Level 5:colcon.colcon_core.verb:set package 'robot_one' build argument 'catkin_skip_building_tests' from command line to 'False'
[1.300s] DEBUG:colcon.colcon_core.verb:Building package 'robot_one' with the following arguments: {'ament_cmake_args': None, 'build_base': '/home/agvdev/robot_model/build/robot_one', 'catkin_cmake_args': None, 'catkin_skip_building_tests': False, 'cmake_args': None, 'cmake_clean_cache': False, 'cmake_clean_first': False, 'cmake_force_configure': False, 'cmake_target': None, 'cmake_target_skip_unavailable': False, 'install_base': '/home/agvdev/robot_model/install/robot_one', 'merge_install': False, 'path': '/home/agvdev/robot_model/src/robot_one', 'symlink_install': True, 'test_result_base': None}
[1.301s] Level 5:colcon.colcon_core.verb:set package 'robot_two' build argument 'cmake_args' from command line to 'None'
[1.301s] Level 5:colcon.colcon_core.verb:set package 'robot_two' build argument 'cmake_target' from command line to 'None'
[1.301s] Level 5:colcon.colcon_core.verb:set package 'robot_two' build argument 'cmake_target_skip_unavailable' from command line to 'False'
[1.301s] Level 5:colcon.colcon_core.verb:set package 'robot_two' build argument 'cmake_clean_cache' from command line to 'False'
[1.301s] Level 5:colcon.colcon_core.verb:set package 'robot_two' build argument 'cmake_clean_first' from command line to 'False'
[1.301s] Level 5:colcon.colcon_core.verb:set package 'robot_two' build argument 'cmake_force_configure' from command line to 'False'
[1.301s] Level 5:colcon.colcon_core.verb:set package 'robot_two' build argument 'ament_cmake_args' from command line to 'None'
[1.301s] Level 5:colcon.colcon_core.verb:set package 'robot_two' build argument 'catkin_cmake_args' from command line to 'None'
[1.301s] Level 5:colcon.colcon_core.verb:set package 'robot_two' build argument 'catkin_skip_building_tests' from command line to 'False'
[1.301s] DEBUG:colcon.colcon_core.verb:Building package 'robot_two' with the following arguments: {'ament_cmake_args': None, 'build_base': '/home/agvdev/robot_model/build/robot_two', 'catkin_cmake_args': None, 'catkin_skip_building_tests': False, 'cmake_args': None, 'cmake_clean_cache': False, 'cmake_clean_first': False, 'cmake_force_configure': False, 'cmake_target': None, 'cmake_target_skip_unavailable': False, 'install_base': '/home/agvdev/robot_model/install/robot_two', 'merge_install': False, 'path': '/home/agvdev/robot_model/src/robot_two', 'symlink_install': True, 'test_result_base': None}
[1.302s] INFO:colcon.colcon_core.executor:Executing jobs using 'parallel' executor
[1.305s] DEBUG:colcon.colcon_parallel_executor.executor.parallel:run_until_complete
[1.305s] INFO:colcon.colcon_ros.task.ament_cmake.build:Building ROS package in '/home/agvdev/robot_model/src/robot_one' with build type 'ament_cmake'
[1.305s] INFO:colcon.colcon_cmake.task.cmake.build:Building CMake package in '/home/agvdev/robot_model/src/robot_one'
[1.322s] INFO:colcon.colcon_core.plugin_system:Skipping extension 'colcon_core.shell.bat': Not used on non-Windows systems
[1.323s] INFO:colcon.colcon_core.shell:Skip shell extension 'powershell' for command environment: Not usable outside of PowerShell
[1.323s] DEBUG:colcon.colcon_core.shell:Skip shell extension 'dsv' for command environment
[1.330s] INFO:colcon.colcon_ros.task.ament_cmake.build:Building ROS package in '/home/agvdev/robot_model/src/robot_two' with build type 'ament_cmake'
[1.331s] INFO:colcon.colcon_cmake.task.cmake.build:Building CMake package in '/home/agvdev/robot_model/src/robot_two'
[1.332s] INFO:colcon.colcon_core.shell:Skip shell extension 'powershell' for command environment: Not usable outside of PowerShell
[1.334s] DEBUG:colcon.colcon_core.shell:Skip shell extension 'dsv' for command environment
[1.350s] DEBUG:colcon.colcon_core.event_handler.log_command:Invoking command in '/home/agvdev/robot_model/build/robot_one': CMAKE_PREFIX_PATH=${CMAKE_PREFIX_PATH}:/opt/ros/foxy /usr/bin/cmake --build /home/agvdev/robot_model/build/robot_one -- -j2 -l2
[1.364s] DEBUG:colcon.colcon_core.event_handler.log_command:Invoking command in '/home/agvdev/robot_model/build/robot_two': CMAKE_PREFIX_PATH=${CMAKE_PREFIX_PATH}:/opt/ros/foxy /usr/bin/cmake --build /home/agvdev/robot_model/build/robot_two -- -j2 -l2
[1.534s] DEBUG:colcon.colcon_core.event_handler.log_command:Invoked command in '/home/agvdev/robot_model/build/robot_one' returned '0': CMAKE_PREFIX_PATH=${CMAKE_PREFIX_PATH}:/opt/ros/foxy /usr/bin/cmake --build /home/agvdev/robot_model/build/robot_one -- -j2 -l2
[1.582s] DEBUG:colcon.colcon_core.event_handler.log_command:Invoking command in '/home/agvdev/robot_model/build/robot_one': CMAKE_PREFIX_PATH=${CMAKE_PREFIX_PATH}:/opt/ros/foxy /usr/bin/cmake --install /home/agvdev/robot_model/build/robot_one
[1.629s] Level 1:colcon.colcon_core.environment:create_environment_scripts_only(robot_one)
[1.630s] DEBUG:colcon.colcon_core.event_handler.log_command:Invoked command in '/home/agvdev/robot_model/build/robot_one' returned '0': CMAKE_PREFIX_PATH=${CMAKE_PREFIX_PATH}:/opt/ros/foxy /usr/bin/cmake --install /home/agvdev/robot_model/build/robot_one
[1.645s] Level 1:colcon.colcon_core.environment:checking '/home/agvdev/robot_model/install/robot_one' for CMake module files
[1.645s] Level 1:colcon.colcon_core.environment:checking '/home/agvdev/robot_model/install/robot_one' for CMake config files
[1.646s] Level 1:colcon.colcon_core.shell:create_environment_hook('robot_one', 'cmake_prefix_path')
[1.647s] INFO:colcon.colcon_core.shell:Creating environment hook '/home/agvdev/robot_model/install/robot_one/share/robot_one/hook/cmake_prefix_path.ps1'
[1.649s] INFO:colcon.colcon_core.shell:Creating environment descriptor '/home/agvdev/robot_model/install/robot_one/share/robot_one/hook/cmake_prefix_path.dsv'
[1.649s] INFO:colcon.colcon_core.shell:Creating environment hook '/home/agvdev/robot_model/install/robot_one/share/robot_one/hook/cmake_prefix_path.sh'
[1.651s] Level 1:colcon.colcon_core.environment:checking '/home/agvdev/robot_model/install/robot_one/bin'
[1.651s] Level 1:colcon.colcon_core.environment:checking '/home/agvdev/robot_model/install/robot_one/lib/pkgconfig/robot_one.pc'
[1.651s] Level 1:colcon.colcon_core.environment:checking '/home/agvdev/robot_model/install/robot_one/lib/python3.8/site-packages'
[1.651s] Level 1:colcon.colcon_core.environment:checking '/home/agvdev/robot_model/install/robot_one/bin'
[1.653s] INFO:colcon.colcon_core.shell:Creating package script '/home/agvdev/robot_model/install/robot_one/share/robot_one/package.ps1'
[1.654s] INFO:colcon.colcon_core.shell:Creating package descriptor '/home/agvdev/robot_model/install/robot_one/share/robot_one/package.dsv'
[1.655s] INFO:colcon.colcon_core.shell:Creating package script '/home/agvdev/robot_model/install/robot_one/share/robot_one/package.sh'
[1.656s] INFO:colcon.colcon_core.shell:Creating package script '/home/agvdev/robot_model/install/robot_one/share/robot_one/package.bash'
[1.657s] INFO:colcon.colcon_core.shell:Creating package script '/home/agvdev/robot_model/install/robot_one/share/robot_one/package.zsh'
[1.659s] Level 1:colcon.colcon_core.environment:create_file_with_runtime_dependencies(/home/agvdev/robot_model/install/robot_one/share/colcon-core/packages/robot_one)
[1.688s] Level 1:colcon.colcon_core.environment:create_environment_scripts_only(robot_one)
[1.690s] Level 1:colcon.colcon_core.environment:checking '/home/agvdev/robot_model/install/robot_one' for CMake module files
[1.690s] Level 1:colcon.colcon_core.environment:checking '/home/agvdev/robot_model/install/robot_one' for CMake config files
[1.691s] Level 1:colcon.colcon_core.shell:create_environment_hook('robot_one', 'cmake_prefix_path')
[1.692s] INFO:colcon.colcon_core.shell:Creating environment hook '/home/agvdev/robot_model/install/robot_one/share/robot_one/hook/cmake_prefix_path.ps1'
[1.692s] INFO:colcon.colcon_core.shell:Creating environment descriptor '/home/agvdev/robot_model/install/robot_one/share/robot_one/hook/cmake_prefix_path.dsv'
[1.693s] INFO:colcon.colcon_core.shell:Creating environment hook '/home/agvdev/robot_model/install/robot_one/share/robot_one/hook/cmake_prefix_path.sh'
[1.694s] Level 1:colcon.colcon_core.environment:checking '/home/agvdev/robot_model/install/robot_one/bin'
[1.694s] Level 1:colcon.colcon_core.environment:checking '/home/agvdev/robot_model/install/robot_one/lib/pkgconfig/robot_one.pc'
[1.694s] Level 1:colcon.colcon_core.environment:checking '/home/agvdev/robot_model/install/robot_one/lib/python3.8/site-packages'
[1.694s] Level 1:colcon.colcon_core.environment:checking '/home/agvdev/robot_model/install/robot_one/bin'
[1.695s] INFO:colcon.colcon_core.shell:Creating package script '/home/agvdev/robot_model/install/robot_one/share/robot_one/package.ps1'
[1.696s] INFO:colcon.colcon_core.shell:Creating package descriptor '/home/agvdev/robot_model/install/robot_one/share/robot_one/package.dsv'
[1.697s] INFO:colcon.colcon_core.shell:Creating package script '/home/agvdev/robot_model/install/robot_one/share/robot_one/package.sh'
[1.698s] INFO:colcon.colcon_core.shell:Creating package script '/home/agvdev/robot_model/install/robot_one/share/robot_one/package.bash'
[1.698s] INFO:colcon.colcon_core.shell:Creating package script '/home/agvdev/robot_model/install/robot_one/share/robot_one/package.zsh'
[1.699s] Level 1:colcon.colcon_core.environment:create_file_with_runtime_dependencies(/home/agvdev/robot_model/install/robot_one/share/colcon-core/packages/robot_one)
[1.935s] DEBUG:colcon.colcon_core.event_handler.log_command:Invoked command in '/home/agvdev/robot_model/build/robot_two' returned '0': CMAKE_PREFIX_PATH=${CMAKE_PREFIX_PATH}:/opt/ros/foxy /usr/bin/cmake --build /home/agvdev/robot_model/build/robot_two -- -j2 -l2
[1.963s] DEBUG:colcon.colcon_core.event_handler.log_command:Invoking command in '/home/agvdev/robot_model/build/robot_two': CMAKE_PREFIX_PATH=${CMAKE_PREFIX_PATH}:/opt/ros/foxy /usr/bin/cmake --install /home/agvdev/robot_model/build/robot_two
[1.977s] DEBUG:colcon.colcon_core.event_handler.log_command:Invoked command in '/home/agvdev/robot_model/build/robot_two' returned '1': CMAKE_PREFIX_PATH=${CMAKE_PREFIX_PATH}:/opt/ros/foxy /usr/bin/cmake --install /home/agvdev/robot_model/build/robot_two
[2.001s] Level 1:colcon.colcon_core.environment:create_environment_scripts_only(robot_two)
[2.006s] Level 1:colcon.colcon_core.environment:checking '/home/agvdev/robot_model/install/robot_two' for CMake module files
[2.019s] Level 1:colcon.colcon_core.environment:checking '/home/agvdev/robot_model/install/robot_two' for CMake config files
[2.023s] Level 1:colcon.colcon_core.shell:create_environment_hook('robot_two', 'cmake_prefix_path')
[2.024s] INFO:colcon.colcon_core.shell:Creating environment hook '/home/agvdev/robot_model/install/robot_two/share/robot_two/hook/cmake_prefix_path.ps1'
[2.025s] INFO:colcon.colcon_core.shell:Creating environment descriptor '/home/agvdev/robot_model/install/robot_two/share/robot_two/hook/cmake_prefix_path.dsv'
[2.025s] INFO:colcon.colcon_core.shell:Creating environment hook '/home/agvdev/robot_model/install/robot_two/share/robot_two/hook/cmake_prefix_path.sh'
[2.026s] Level 1:colcon.colcon_core.environment:checking '/home/agvdev/robot_model/install/robot_two/bin'
[2.026s] Level 1:colcon.colcon_core.environment:checking '/home/agvdev/robot_model/install/robot_two/lib/pkgconfig/robot_two.pc'
[2.026s] Level 1:colcon.colcon_core.environment:checking '/home/agvdev/robot_model/install/robot_two/lib/python3.8/site-packages'
[2.026s] Level 1:colcon.colcon_core.environment:checking '/home/agvdev/robot_model/install/robot_two/bin'
[2.027s] INFO:colcon.colcon_core.shell:Creating package script '/home/agvdev/robot_model/install/robot_two/share/robot_two/package.ps1'
[2.028s] INFO:colcon.colcon_core.shell:Creating package descriptor '/home/agvdev/robot_model/install/robot_two/share/robot_two/package.dsv'
[2.028s] INFO:colcon.colcon_core.shell:Creating package script '/home/agvdev/robot_model/install/robot_two/share/robot_two/package.sh'
[2.029s] INFO:colcon.colcon_core.shell:Creating package script '/home/agvdev/robot_model/install/robot_two/share/robot_two/package.bash'
[2.029s] INFO:colcon.colcon_core.shell:Creating package script '/home/agvdev/robot_model/install/robot_two/share/robot_two/package.zsh'
[2.030s] Level 1:colcon.colcon_core.environment:create_file_with_runtime_dependencies(/home/agvdev/robot_model/install/robot_two/share/colcon-core/packages/robot_two)
[2.040s] DEBUG:colcon.colcon_parallel_executor.executor.parallel:closing loop
[2.041s] DEBUG:colcon.colcon_parallel_executor.executor.parallel:loop closed
[2.041s] DEBUG:colcon.colcon_parallel_executor.executor.parallel:run_until_complete finished with '1'
[2.041s] DEBUG:colcon.colcon_core.event_reactor:joining thread
[2.063s] INFO:colcon.colcon_core.plugin_system:Skipping extension 'colcon_notification.desktop_notification.terminal_notifier': Not used on non-Darwin systems
[2.063s] INFO:colcon.colcon_core.plugin_system:Skipping extension 'colcon_notification.desktop_notification.win32': Not used on non-Windows systems
[2.063s] INFO:colcon.colcon_notification.desktop_notification:Sending desktop notification using 'notify2'
[2.119s] DEBUG:colcon.colcon_core.event_reactor:joined thread
[2.121s] INFO:colcon.colcon_core.shell:Creating prefix script '/home/agvdev/robot_model/install/local_setup.ps1'
[2.122s] INFO:colcon.colcon_core.shell:Creating prefix util module '/home/agvdev/robot_model/install/_local_setup_util_ps1.py'
[2.124s] INFO:colcon.colcon_core.shell:Creating prefix chain script '/home/agvdev/robot_model/install/setup.ps1'
[2.125s] INFO:colcon.colcon_core.shell:Creating prefix script '/home/agvdev/robot_model/install/local_setup.sh'
[2.126s] INFO:colcon.colcon_core.shell:Creating prefix util module '/home/agvdev/robot_model/install/_local_setup_util_sh.py'
[2.127s] INFO:colcon.colcon_core.shell:Creating prefix chain script '/home/agvdev/robot_model/install/setup.sh'
[2.129s] INFO:colcon.colcon_core.shell:Creating prefix script '/home/agvdev/robot_model/install/local_setup.bash'
[2.130s] INFO:colcon.colcon_core.shell:Creating prefix chain script '/home/agvdev/robot_model/install/setup.bash'
[2.132s] INFO:colcon.colcon_core.shell:Creating prefix script '/home/agvdev/robot_model/install/local_setup.zsh'
[2.133s] INFO:colcon.colcon_core.shell:Creating prefix chain script '/home/agvdev/robot_model/install/setup.zsh'
