-- Install configuration: ""
-- Execute custom install script
-- Up-to-date symlink: /home/agvdev/robot_model/install/robot_one/share/robot_one/config/drive_bot.rviz
-- Up-to-date symlink: /home/agvdev/robot_model/install/robot_one/share/robot_one/config/mapper_params_offline.yaml
-- Symlinking: /home/agvdev/robot_model/install/robot_one/share/robot_one/config/mapper_params_online_async.yaml
-- Up-to-date symlink: /home/agvdev/robot_model/install/robot_one/share/robot_one/config/view_bot.rviz
-- Up-to-date symlink: /home/agvdev/robot_model/install/robot_one/share/robot_one/description/inertial_macros.xacro
-- Up-to-date symlink: /home/agvdev/robot_model/install/robot_one/share/robot_one/description/lidar.xacro
-- Up-to-date symlink: /home/agvdev/robot_model/install/robot_one/share/robot_one/description/ro_control.xacro
-- Up-to-date symlink: /home/agvdev/robot_model/install/robot_one/share/robot_one/description/robot.urdf.xacro
-- Up-to-date symlink: /home/agvdev/robot_model/install/robot_one/share/robot_one/description/robot_core.xacro
-- Up-to-date symlink: /home/agvdev/robot_model/install/robot_one/share/robot_one/launch/ro.launch.py
-- Up-to-date symlink: /home/agvdev/robot_model/install/robot_one/share/robot_one/launch/rsp.launch.py
-- Up-to-date symlink: /home/agvdev/robot_model/install/robot_one/share/robot_one/worlds/building/model.config
-- Up-to-date symlink: /home/agvdev/robot_model/install/robot_one/share/robot_one/worlds/building/model.sdf
-- Up-to-date symlink: /home/agvdev/robot_model/install/robot_one/share/robot_one/worlds/obstacle.world
-- Up-to-date symlink: /home/agvdev/robot_model/install/robot_one/share/ament_index/resource_index/package_run_dependencies/robot_one
-- Up-to-date symlink: /home/agvdev/robot_model/install/robot_one/share/ament_index/resource_index/parent_prefix_path/robot_one
-- Up-to-date symlink: /home/agvdev/robot_model/install/robot_one/share/robot_one/environment/ament_prefix_path.sh
-- Up-to-date symlink: /home/agvdev/robot_model/install/robot_one/share/robot_one/environment/ament_prefix_path.dsv
-- Up-to-date symlink: /home/agvdev/robot_model/install/robot_one/share/robot_one/environment/path.sh
-- Up-to-date symlink: /home/agvdev/robot_model/install/robot_one/share/robot_one/environment/path.dsv
-- Up-to-date symlink: /home/agvdev/robot_model/install/robot_one/share/robot_one/local_setup.bash
-- Up-to-date symlink: /home/agvdev/robot_model/install/robot_one/share/robot_one/local_setup.sh
-- Up-to-date symlink: /home/agvdev/robot_model/install/robot_one/share/robot_one/local_setup.zsh
-- Up-to-date symlink: /home/agvdev/robot_model/install/robot_one/share/robot_one/local_setup.dsv
-- Symlinking: /home/agvdev/robot_model/install/robot_one/share/robot_one/package.dsv
-- Up-to-date symlink: /home/agvdev/robot_model/install/robot_one/share/ament_index/resource_index/packages/robot_one
-- Up-to-date symlink: /home/agvdev/robot_model/install/robot_one/share/robot_one/cmake/robot_oneConfig.cmake
-- Up-to-date symlink: /home/agvdev/robot_model/install/robot_one/share/robot_one/cmake/robot_oneConfig-version.cmake
-- Up-to-date symlink: /home/agvdev/robot_model/install/robot_one/share/robot_one/package.xml
