[0.037s] Invoking command in '/home/agvdev/robot_model/build/robot_one': /usr/bin/cmake --build /home/agvdev/robot_model/build/robot_one -- -j2 -l2
[0.150s] Invoked command in '/home/agvdev/robot_model/build/robot_one' returned '0': /usr/bin/cmake --build /home/agvdev/robot_model/build/robot_one -- -j2 -l2
[0.217s] Invoking command in '/home/agvdev/robot_model/build/robot_one': /usr/bin/cmake --install /home/agvdev/robot_model/build/robot_one
[0.230s] -- Install configuration: ""
[0.232s] -- Execute custom install script
[0.232s] -- Up-to-date symlink: /home/agvdev/robot_model/install/robot_one/share/robot_one/config/drive_bot.rviz
[0.233s] -- Up-to-date symlink: /home/agvdev/robot_model/install/robot_one/share/robot_one/config/mapper_params_offline.yaml
[0.233s] -- Symlinking: /home/agvdev/robot_model/install/robot_one/share/robot_one/config/mapper_params_online_async.yaml
[0.259s] -- Up-to-date symlink: /home/agvdev/robot_model/install/robot_one/share/robot_one/config/view_bot.rviz
[0.260s] -- Up-to-date symlink: /home/agvdev/robot_model/install/robot_one/share/robot_one/description/inertial_macros.xacro
[0.260s] -- Up-to-date symlink: /home/agvdev/robot_model/install/robot_one/share/robot_one/description/lidar.xacro
[0.261s] -- Up-to-date symlink: /home/agvdev/robot_model/install/robot_one/share/robot_one/description/ro_control.xacro
[0.261s] -- Up-to-date symlink: /home/agvdev/robot_model/install/robot_one/share/robot_one/description/robot.urdf.xacro
[0.261s] -- Up-to-date symlink: /home/agvdev/robot_model/install/robot_one/share/robot_one/description/robot_core.xacro
[0.262s] -- Up-to-date symlink: /home/agvdev/robot_model/install/robot_one/share/robot_one/launch/ro.launch.py
[0.262s] -- Up-to-date symlink: /home/agvdev/robot_model/install/robot_one/share/robot_one/launch/rsp.launch.py
[0.263s] -- Up-to-date symlink: /home/agvdev/robot_model/install/robot_one/share/robot_one/worlds/building/model.config
[0.263s] -- Up-to-date symlink: /home/agvdev/robot_model/install/robot_one/share/robot_one/worlds/building/model.sdf
[0.263s] -- Up-to-date symlink: /home/agvdev/robot_model/install/robot_one/share/robot_one/worlds/obstacle.world
[0.264s] -- Up-to-date symlink: /home/agvdev/robot_model/install/robot_one/share/ament_index/resource_index/package_run_dependencies/robot_one
[0.265s] -- Up-to-date symlink: /home/agvdev/robot_model/install/robot_one/share/ament_index/resource_index/parent_prefix_path/robot_one
[0.265s] -- Up-to-date symlink: /home/agvdev/robot_model/install/robot_one/share/robot_one/environment/ament_prefix_path.sh
[0.266s] -- Up-to-date symlink: /home/agvdev/robot_model/install/robot_one/share/robot_one/environment/ament_prefix_path.dsv
[0.266s] -- Up-to-date symlink: /home/agvdev/robot_model/install/robot_one/share/robot_one/environment/path.sh
[0.268s] -- Up-to-date symlink: /home/agvdev/robot_model/install/robot_one/share/robot_one/environment/path.dsv
[0.268s] -- Up-to-date symlink: /home/agvdev/robot_model/install/robot_one/share/robot_one/local_setup.bash
[0.269s] -- Up-to-date symlink: /home/agvdev/robot_model/install/robot_one/share/robot_one/local_setup.sh
[0.270s] -- Up-to-date symlink: /home/agvdev/robot_model/install/robot_one/share/robot_one/local_setup.zsh
[0.272s] -- Up-to-date symlink: /home/agvdev/robot_model/install/robot_one/share/robot_one/local_setup.dsv
[0.272s] -- Symlinking: /home/agvdev/robot_model/install/robot_one/share/robot_one/package.dsv
[0.289s] -- Up-to-date symlink: /home/agvdev/robot_model/install/robot_one/share/ament_index/resource_index/packages/robot_one
[0.290s] -- Up-to-date symlink: /home/agvdev/robot_model/install/robot_one/share/robot_one/cmake/robot_oneConfig.cmake
[0.290s] -- Up-to-date symlink: /home/agvdev/robot_model/install/robot_one/share/robot_one/cmake/robot_oneConfig-version.cmake
[0.291s] -- Up-to-date symlink: /home/agvdev/robot_model/install/robot_one/share/robot_one/package.xml
[0.294s] Invoked command in '/home/agvdev/robot_model/build/robot_one' returned '0': /usr/bin/cmake --install /home/agvdev/robot_model/build/robot_one
